c:\users\dvallejo\documents\classes\q5\physics\physics\x64\debug\vc143.pdb
c:\users\dvallejo\documents\classes\q5\physics\physics\x64\debug\vc143.idb
c:\users\dvallejo\documents\classes\q5\physics\physics\x64\debug\world.obj
c:\users\dvallejo\documents\classes\q5\physics\physics\x64\debug\time.obj
c:\users\dvallejo\documents\classes\q5\physics\physics\x64\debug\test.obj
c:\users\dvallejo\documents\classes\q5\physics\physics\x64\debug\primitives.obj
c:\users\dvallejo\documents\classes\q5\physics\physics\x64\debug\particletest.obj
c:\users\dvallejo\documents\classes\q5\physics\physics\x64\debug\main.obj
c:\users\dvallejo\documents\classes\q5\physics\physics\x64\debug\input.obj
c:\users\dvallejo\documents\classes\q5\physics\physics\x64\debug\gravityfield.obj
c:\users\dvallejo\documents\classes\q5\physics\physics\x64\debug\graphics.obj
c:\users\dvallejo\documents\classes\q5\physics\physics\x64\debug\forcetest.obj
c:\users\dvallejo\documents\classes\q5\physics\physics\x64\debug\forcegenerator.obj
c:\users\dvallejo\documents\classes\q5\physics\physics\x64\debug\circleshape.obj
c:\users\dvallejo\documents\classes\q5\physics\physics\x64\debug\body.obj
c:\users\dvallejo\documents\classes\q5\physics\physics\x64\debug\pointforce.obj
c:\users\dvallejo\documents\classes\q5\physics\physics\x64\debug\dragforce.obj
c:\users\dvallejo\documents\classes\q5\physics\physics\x64\debug\areaforce.obj
c:\users\dvallejo\documents\classes\q5\physics\x64\debug\physics.exe
c:\users\dvallejo\documents\classes\q5\physics\physics\x64\debug\physics.ilk
c:\users\dvallejo\documents\classes\q5\physics\x64\debug\physics.pdb
c:\users\dvallejo\documents\classes\q5\physics\physics\x64\debug\physics.tlog\cl.command.1.tlog
c:\users\dvallejo\documents\classes\q5\physics\physics\x64\debug\physics.tlog\cl.read.1.tlog
c:\users\dvallejo\documents\classes\q5\physics\physics\x64\debug\physics.tlog\cl.write.1.tlog
c:\users\dvallejo\documents\classes\q5\physics\physics\x64\debug\physics.tlog\link.command.1.tlog
c:\users\dvallejo\documents\classes\q5\physics\physics\x64\debug\physics.tlog\link.read.1.tlog
c:\users\dvallejo\documents\classes\q5\physics\physics\x64\debug\physics.tlog\link.write.1.tlog
