  Body.cpp
  CircleShape.cpp
  Graphics.cpp
  Input.cpp
  Main.cpp
  ParticleTest.cpp
  Primitives.cpp
  Test.cpp
  Time.cpp
  Generating Code...
Graphics.obj : error LNK2005: "int __cdecl _HLineTextured(struct SDL_Renderer *,short,short,short,struct SDL_Texture *,int,int,int,int)" (?_HLineTextured@@YAHPAUSDL_Renderer@@FFFPAUSDL_Texture@@HHHH@Z) already defined in CircleShape.obj
Graphics.obj : error LNK2005: "int __cdecl _aalineRGBA(struct SDL_Renderer *,short,short,short,short,unsigned char,unsigned char,unsigned char,unsigned char,int)" (?_aalineRGBA@@YAHPAUSDL_Renderer@@FFFFEEEEH@Z) already defined in CircleShape.obj
Graphics.obj : error LNK2005: "int __cdecl _bresenhamInitialize(struct SDL2_gfxBresenhamIterator *,short,short,short,short)" (?_bresenhamInitialize@@YAHPAUSDL2_gfxBresenhamIterator@@FFFF@Z) already defined in CircleShape.obj
Graphics.obj : error LNK2005: "int __cdecl _bresenhamIterate(struct SDL2_gfxBresenhamIterator *)" (?_bresenhamIterate@@YAHPAUSDL2_gfxBresenhamIterator@@@Z) already defined in CircleShape.obj
Graphics.obj : error LNK2005: "double __cdecl _evaluateBezier(double *,int,double)" (?_evaluateBezier@@YANPANHN@Z) already defined in CircleShape.obj
Graphics.obj : error LNK2005: "int __cdecl _gfxPrimitivesCompareInt(void const *,void const *)" (?_gfxPrimitivesCompareInt@@YAHPBX0@Z) already defined in CircleShape.obj
Graphics.obj : error LNK2005: "void __cdecl _murphyIteration(struct SDL2_gfxMurphyIterator *,unsigned char,unsigned short,unsigned short,unsigned short,unsigned short,unsigned short,unsigned short,unsigned short,unsigned short)" (?_murphyIteration@@YAXPAUSDL2_gfxMurphyIterator@@EGGGGGGGG@Z) already defined in CircleShape.obj
Graphics.obj : error LNK2005: "void __cdecl _murphyParaline(struct SDL2_gfxMurphyIterator *,short,short,int)" (?_murphyParaline@@YAXPAUSDL2_gfxMurphyIterator@@FFH@Z) already defined in CircleShape.obj
Graphics.obj : error LNK2005: "void __cdecl _murphyWideline(struct SDL2_gfxMurphyIterator *,short,short,short,short,unsigned char,unsigned char)" (?_murphyWideline@@YAXPAUSDL2_gfxMurphyIterator@@FFFFEE@Z) already defined in CircleShape.obj
Graphics.obj : error LNK2005: "int __cdecl _pieRGBA(struct SDL_Renderer *,short,short,short,short,short,unsigned char,unsigned char,unsigned char,unsigned char,unsigned char)" (?_pieRGBA@@YAHPAUSDL_Renderer@@FFFFFEEEEE@Z) already defined in CircleShape.obj
Graphics.obj : error LNK2005: "int __cdecl aacircleColor(struct SDL_Renderer *,short,short,short,unsigned int)" (?aacircleColor@@YAHPAUSDL_Renderer@@FFFI@Z) already defined in CircleShape.obj
Graphics.obj : error LNK2005: "int __cdecl aacircleRGBA(struct SDL_Renderer *,short,short,short,unsigned char,unsigned char,unsigned char,unsigned char)" (?aacircleRGBA@@YAHPAUSDL_Renderer@@FFFEEEE@Z) already defined in CircleShape.obj
Graphics.obj : error LNK2005: "int __cdecl aaellipseColor(struct SDL_Renderer *,short,short,short,short,unsigned int)" (?aaellipseColor@@YAHPAUSDL_Renderer@@FFFFI@Z) already defined in CircleShape.obj
Graphics.obj : error LNK2005: "int __cdecl aaellipseRGBA(struct SDL_Renderer *,short,short,short,short,unsigned char,unsigned char,unsigned char,unsigned char)" (?aaellipseRGBA@@YAHPAUSDL_Renderer@@FFFFEEEE@Z) already defined in CircleShape.obj
Graphics.obj : error LNK2005: "int __cdecl aalineColor(struct SDL_Renderer *,short,short,short,short,unsigned int)" (?aalineColor@@YAHPAUSDL_Renderer@@FFFFI@Z) already defined in CircleShape.obj
Graphics.obj : error LNK2005: "int __cdecl aalineRGBA(struct SDL_Renderer *,short,short,short,short,unsigned char,unsigned char,unsigned char,unsigned char)" (?aalineRGBA@@YAHPAUSDL_Renderer@@FFFFEEEE@Z) already defined in CircleShape.obj
Graphics.obj : error LNK2005: "int __cdecl aapolygonColor(struct SDL_Renderer *,short const *,short const *,int,unsigned int)" (?aapolygonColor@@YAHPAUSDL_Renderer@@PBF1HI@Z) already defined in CircleShape.obj
Graphics.obj : error LNK2005: "int __cdecl aapolygonRGBA(struct SDL_Renderer *,short const *,short const *,int,unsigned char,unsigned char,unsigned char,unsigned char)" (?aapolygonRGBA@@YAHPAUSDL_Renderer@@PBF1HEEEE@Z) already defined in CircleShape.obj
Graphics.obj : error LNK2005: "int __cdecl aatrigonColor(struct SDL_Renderer *,short,short,short,short,short,short,unsigned int)" (?aatrigonColor@@YAHPAUSDL_Renderer@@FFFFFFI@Z) already defined in CircleShape.obj
Graphics.obj : error LNK2005: "int __cdecl aatrigonRGBA(struct SDL_Renderer *,short,short,short,short,short,short,unsigned char,unsigned char,unsigned char,unsigned char)" (?aatrigonRGBA@@YAHPAUSDL_Renderer@@FFFFFFEEEE@Z) already defined in CircleShape.obj
Graphics.obj : error LNK2005: "int __cdecl arcColor(struct SDL_Renderer *,short,short,short,short,short,unsigned int)" (?arcColor@@YAHPAUSDL_Renderer@@FFFFFI@Z) already defined in CircleShape.obj
Graphics.obj : error LNK2005: "int __cdecl arcRGBA(struct SDL_Renderer *,short,short,short,short,short,unsigned char,unsigned char,unsigned char,unsigned char)" (?arcRGBA@@YAHPAUSDL_Renderer@@FFFFFEEEE@Z) already defined in CircleShape.obj
Graphics.obj : error LNK2005: "int __cdecl bezierColor(struct SDL_Renderer *,short const *,short const *,int,int,unsigned int)" (?bezierColor@@YAHPAUSDL_Renderer@@PBF1HHI@Z) already defined in CircleShape.obj
Graphics.obj : error LNK2005: "int __cdecl bezierRGBA(struct SDL_Renderer *,short const *,short const *,int,int,unsigned char,unsigned char,unsigned char,unsigned char)" (?bezierRGBA@@YAHPAUSDL_Renderer@@PBF1HHEEEE@Z) already defined in CircleShape.obj
Graphics.obj : error LNK2005: "int __cdecl boxColor(struct SDL_Renderer *,short,short,short,short,unsigned int)" (?boxColor@@YAHPAUSDL_Renderer@@FFFFI@Z) already defined in CircleShape.obj
Graphics.obj : error LNK2005: "int __cdecl boxRGBA(struct SDL_Renderer *,short,short,short,short,unsigned char,unsigned char,unsigned char,unsigned char)" (?boxRGBA@@YAHPAUSDL_Renderer@@FFFFEEEE@Z) already defined in CircleShape.obj
Graphics.obj : error LNK2005: "int __cdecl circleColor(struct SDL_Renderer *,short,short,short,unsigned int)" (?circleColor@@YAHPAUSDL_Renderer@@FFFI@Z) already defined in CircleShape.obj
Graphics.obj : error LNK2005: "int __cdecl circleRGBA(struct SDL_Renderer *,short,short,short,unsigned char,unsigned char,unsigned char,unsigned char)" (?circleRGBA@@YAHPAUSDL_Renderer@@FFFEEEE@Z) already defined in CircleShape.obj
Graphics.obj : error LNK2005: "int __cdecl ellipseColor(struct SDL_Renderer *,short,short,short,short,unsigned int)" (?ellipseColor@@YAHPAUSDL_Renderer@@FFFFI@Z) already defined in CircleShape.obj
Graphics.obj : error LNK2005: "int __cdecl ellipseRGBA(struct SDL_Renderer *,short,short,short,short,unsigned char,unsigned char,unsigned char,unsigned char)" (?ellipseRGBA@@YAHPAUSDL_Renderer@@FFFFEEEE@Z) already defined in CircleShape.obj
Graphics.obj : error LNK2005: "int __cdecl filledCircleColor(struct SDL_Renderer *,short,short,short,unsigned int)" (?filledCircleColor@@YAHPAUSDL_Renderer@@FFFI@Z) already defined in CircleShape.obj
Graphics.obj : error LNK2005: "int __cdecl filledCircleRGBA(struct SDL_Renderer *,short,short,short,unsigned char,unsigned char,unsigned char,unsigned char)" (?filledCircleRGBA@@YAHPAUSDL_Renderer@@FFFEEEE@Z) already defined in CircleShape.obj
Graphics.obj : error LNK2005: "int __cdecl filledEllipseColor(struct SDL_Renderer *,short,short,short,short,unsigned int)" (?filledEllipseColor@@YAHPAUSDL_Renderer@@FFFFI@Z) already defined in CircleShape.obj
Graphics.obj : error LNK2005: "int __cdecl filledEllipseRGBA(struct SDL_Renderer *,short,short,short,short,unsigned char,unsigned char,unsigned char,unsigned char)" (?filledEllipseRGBA@@YAHPAUSDL_Renderer@@FFFFEEEE@Z) already defined in CircleShape.obj
Graphics.obj : error LNK2005: "int __cdecl filledPieColor(struct SDL_Renderer *,short,short,short,short,short,unsigned int)" (?filledPieColor@@YAHPAUSDL_Renderer@@FFFFFI@Z) already defined in CircleShape.obj
Graphics.obj : error LNK2005: "int __cdecl filledPieRGBA(struct SDL_Renderer *,short,short,short,short,short,unsigned char,unsigned char,unsigned char,unsigned char)" (?filledPieRGBA@@YAHPAUSDL_Renderer@@FFFFFEEEE@Z) already defined in CircleShape.obj
Graphics.obj : error LNK2005: "int __cdecl filledPolygonColor(struct SDL_Renderer *,short const *,short const *,int,unsigned int)" (?filledPolygonColor@@YAHPAUSDL_Renderer@@PBF1HI@Z) already defined in CircleShape.obj
Graphics.obj : error LNK2005: "int __cdecl filledPolygonRGBA(struct SDL_Renderer *,short const *,short const *,int,unsigned char,unsigned char,unsigned char,unsigned char)" (?filledPolygonRGBA@@YAHPAUSDL_Renderer@@PBF1HEEEE@Z) already defined in CircleShape.obj
Graphics.obj : error LNK2005: "int __cdecl filledPolygonRGBAMT(struct SDL_Renderer *,short const *,short const *,int,unsigned char,unsigned char,unsigned char,unsigned char,int * *,int *)" (?filledPolygonRGBAMT@@YAHPAUSDL_Renderer@@PBF1HEEEEPAPAHPAH@Z) already defined in CircleShape.obj
Graphics.obj : error LNK2005: "int __cdecl filledTrigonColor(struct SDL_Renderer *,short,short,short,short,short,short,unsigned int)" (?filledTrigonColor@@YAHPAUSDL_Renderer@@FFFFFFI@Z) already defined in CircleShape.obj
Graphics.obj : error LNK2005: "int __cdecl filledTrigonRGBA(struct SDL_Renderer *,short,short,short,short,short,short,unsigned char,unsigned char,unsigned char,unsigned char)" (?filledTrigonRGBA@@YAHPAUSDL_Renderer@@FFFFFFEEEE@Z) already defined in CircleShape.obj
Graphics.obj : error LNK2005: "int __cdecl hline(struct SDL_Renderer *,short,short,short)" (?hline@@YAHPAUSDL_Renderer@@FFF@Z) already defined in CircleShape.obj
Graphics.obj : error LNK2005: "int __cdecl hlineColor(struct SDL_Renderer *,short,short,short,unsigned int)" (?hlineColor@@YAHPAUSDL_Renderer@@FFFI@Z) already defined in CircleShape.obj
Graphics.obj : error LNK2005: "int __cdecl hlineRGBA(struct SDL_Renderer *,short,short,short,unsigned char,unsigned char,unsigned char,unsigned char)" (?hlineRGBA@@YAHPAUSDL_Renderer@@FFFEEEE@Z) already defined in CircleShape.obj
Graphics.obj : error LNK2005: "int __cdecl line(struct SDL_Renderer *,short,short,short,short)" (?line@@YAHPAUSDL_Renderer@@FFFF@Z) already defined in CircleShape.obj
Graphics.obj : error LNK2005: "int __cdecl lineColor(struct SDL_Renderer *,short,short,short,short,unsigned int)" (?lineColor@@YAHPAUSDL_Renderer@@FFFFI@Z) already defined in CircleShape.obj
Graphics.obj : error LNK2005: "int __cdecl lineRGBA(struct SDL_Renderer *,short,short,short,short,unsigned char,unsigned char,unsigned char,unsigned char)" (?lineRGBA@@YAHPAUSDL_Renderer@@FFFFEEEE@Z) already defined in CircleShape.obj
Graphics.obj : error LNK2005: "int __cdecl pieColor(struct SDL_Renderer *,short,short,short,short,short,unsigned int)" (?pieColor@@YAHPAUSDL_Renderer@@FFFFFI@Z) already defined in CircleShape.obj
Graphics.obj : error LNK2005: "int __cdecl pieRGBA(struct SDL_Renderer *,short,short,short,short,short,unsigned char,unsigned char,unsigned char,unsigned char)" (?pieRGBA@@YAHPAUSDL_Renderer@@FFFFFEEEE@Z) already defined in CircleShape.obj
Graphics.obj : error LNK2005: "int __cdecl pixel(struct SDL_Renderer *,short,short)" (?pixel@@YAHPAUSDL_Renderer@@FF@Z) already defined in CircleShape.obj
Graphics.obj : error LNK2005: "int __cdecl pixelColor(struct SDL_Renderer *,short,short,unsigned int)" (?pixelColor@@YAHPAUSDL_Renderer@@FFI@Z) already defined in CircleShape.obj
Graphics.obj : error LNK2005: "int __cdecl pixelRGBA(struct SDL_Renderer *,short,short,unsigned char,unsigned char,unsigned char,unsigned char)" (?pixelRGBA@@YAHPAUSDL_Renderer@@FFEEEE@Z) already defined in CircleShape.obj
Graphics.obj : error LNK2005: "int __cdecl pixelRGBAWeight(struct SDL_Renderer *,short,short,unsigned char,unsigned char,unsigned char,unsigned char,unsigned int)" (?pixelRGBAWeight@@YAHPAUSDL_Renderer@@FFEEEEI@Z) already defined in CircleShape.obj
Graphics.obj : error LNK2005: "int __cdecl polygon(struct SDL_Renderer *,short const *,short const *,int)" (?polygon@@YAHPAUSDL_Renderer@@PBF1H@Z) already defined in CircleShape.obj
Graphics.obj : error LNK2005: "int __cdecl polygonColor(struct SDL_Renderer *,short const *,short const *,int,unsigned int)" (?polygonColor@@YAHPAUSDL_Renderer@@PBF1HI@Z) already defined in CircleShape.obj
Graphics.obj : error LNK2005: "int __cdecl polygonRGBA(struct SDL_Renderer *,short const *,short const *,int,unsigned char,unsigned char,unsigned char,unsigned char)" (?polygonRGBA@@YAHPAUSDL_Renderer@@PBF1HEEEE@Z) already defined in CircleShape.obj
Graphics.obj : error LNK2005: "int __cdecl rectangleColor(struct SDL_Renderer *,short,short,short,short,unsigned int)" (?rectangleColor@@YAHPAUSDL_Renderer@@FFFFI@Z) already defined in CircleShape.obj
Graphics.obj : error LNK2005: "int __cdecl rectangleRGBA(struct SDL_Renderer *,short,short,short,short,unsigned char,unsigned char,unsigned char,unsigned char)" (?rectangleRGBA@@YAHPAUSDL_Renderer@@FFFFEEEE@Z) already defined in CircleShape.obj
Graphics.obj : error LNK2005: "int __cdecl roundedBoxColor(struct SDL_Renderer *,short,short,short,short,short,unsigned int)" (?roundedBoxColor@@YAHPAUSDL_Renderer@@FFFFFI@Z) already defined in CircleShape.obj
Graphics.obj : error LNK2005: "int __cdecl roundedBoxRGBA(struct SDL_Renderer *,short,short,short,short,short,unsigned char,unsigned char,unsigned char,unsigned char)" (?roundedBoxRGBA@@YAHPAUSDL_Renderer@@FFFFFEEEE@Z) already defined in CircleShape.obj
Graphics.obj : error LNK2005: "int __cdecl roundedRectangleColor(struct SDL_Renderer *,short,short,short,short,short,unsigned int)" (?roundedRectangleColor@@YAHPAUSDL_Renderer@@FFFFFI@Z) already defined in CircleShape.obj
Graphics.obj : error LNK2005: "int __cdecl roundedRectangleRGBA(struct SDL_Renderer *,short,short,short,short,short,unsigned char,unsigned char,unsigned char,unsigned char)" (?roundedRectangleRGBA@@YAHPAUSDL_Renderer@@FFFFFEEEE@Z) already defined in CircleShape.obj
Graphics.obj : error LNK2005: "int __cdecl texturedPolygon(struct SDL_Renderer *,short const *,short const *,int,struct SDL_Surface *,int,int)" (?texturedPolygon@@YAHPAUSDL_Renderer@@PBF1HPAUSDL_Surface@@HH@Z) already defined in CircleShape.obj
Graphics.obj : error LNK2005: "int __cdecl texturedPolygonMT(struct SDL_Renderer *,short const *,short const *,int,struct SDL_Surface *,int,int,int * *,int *)" (?texturedPolygonMT@@YAHPAUSDL_Renderer@@PBF1HPAUSDL_Surface@@HHPAPAHPAH@Z) already defined in CircleShape.obj
Graphics.obj : error LNK2005: "int __cdecl thickLineColor(struct SDL_Renderer *,short,short,short,short,unsigned char,unsigned int)" (?thickLineColor@@YAHPAUSDL_Renderer@@FFFFEI@Z) already defined in CircleShape.obj
Graphics.obj : error LNK2005: "int __cdecl thickLineRGBA(struct SDL_Renderer *,short,short,short,short,unsigned char,unsigned char,unsigned char,unsigned char,unsigned char)" (?thickLineRGBA@@YAHPAUSDL_Renderer@@FFFFEEEEE@Z) already defined in CircleShape.obj
Graphics.obj : error LNK2005: "int __cdecl trigonColor(struct SDL_Renderer *,short,short,short,short,short,short,unsigned int)" (?trigonColor@@YAHPAUSDL_Renderer@@FFFFFFI@Z) already defined in CircleShape.obj
Graphics.obj : error LNK2005: "int __cdecl trigonRGBA(struct SDL_Renderer *,short,short,short,short,short,short,unsigned char,unsigned char,unsigned char,unsigned char)" (?trigonRGBA@@YAHPAUSDL_Renderer@@FFFFFFEEEE@Z) already defined in CircleShape.obj
Graphics.obj : error LNK2005: "int __cdecl vlineColor(struct SDL_Renderer *,short,short,short,unsigned int)" (?vlineColor@@YAHPAUSDL_Renderer@@FFFI@Z) already defined in CircleShape.obj
Graphics.obj : error LNK2005: "int __cdecl vlineRGBA(struct SDL_Renderer *,short,short,short,unsigned char,unsigned char,unsigned char,unsigned char)" (?vlineRGBA@@YAHPAUSDL_Renderer@@FFFEEEE@Z) already defined in CircleShape.obj
Main.obj : error LNK2005: "int __cdecl _HLineTextured(struct SDL_Renderer *,short,short,short,struct SDL_Texture *,int,int,int,int)" (?_HLineTextured@@YAHPAUSDL_Renderer@@FFFPAUSDL_Texture@@HHHH@Z) already defined in CircleShape.obj
Main.obj : error LNK2005: "int __cdecl _aalineRGBA(struct SDL_Renderer *,short,short,short,short,unsigned char,unsigned char,unsigned char,unsigned char,int)" (?_aalineRGBA@@YAHPAUSDL_Renderer@@FFFFEEEEH@Z) already defined in CircleShape.obj
Main.obj : error LNK2005: "int __cdecl _bresenhamInitialize(struct SDL2_gfxBresenhamIterator *,short,short,short,short)" (?_bresenhamInitialize@@YAHPAUSDL2_gfxBresenhamIterator@@FFFF@Z) already defined in CircleShape.obj
Main.obj : error LNK2005: "int __cdecl _bresenhamIterate(struct SDL2_gfxBresenhamIterator *)" (?_bresenhamIterate@@YAHPAUSDL2_gfxBresenhamIterator@@@Z) already defined in CircleShape.obj
Main.obj : error LNK2005: "double __cdecl _evaluateBezier(double *,int,double)" (?_evaluateBezier@@YANPANHN@Z) already defined in CircleShape.obj
Main.obj : error LNK2005: "int __cdecl _gfxPrimitivesCompareInt(void const *,void const *)" (?_gfxPrimitivesCompareInt@@YAHPBX0@Z) already defined in CircleShape.obj
Main.obj : error LNK2005: "void __cdecl _murphyIteration(struct SDL2_gfxMurphyIterator *,unsigned char,unsigned short,unsigned short,unsigned short,unsigned short,unsigned short,unsigned short,unsigned short,unsigned short)" (?_murphyIteration@@YAXPAUSDL2_gfxMurphyIterator@@EGGGGGGGG@Z) already defined in CircleShape.obj
Main.obj : error LNK2005: "void __cdecl _murphyParaline(struct SDL2_gfxMurphyIterator *,short,short,int)" (?_murphyParaline@@YAXPAUSDL2_gfxMurphyIterator@@FFH@Z) already defined in CircleShape.obj
Main.obj : error LNK2005: "void __cdecl _murphyWideline(struct SDL2_gfxMurphyIterator *,short,short,short,short,unsigned char,unsigned char)" (?_murphyWideline@@YAXPAUSDL2_gfxMurphyIterator@@FFFFEE@Z) already defined in CircleShape.obj
Main.obj : error LNK2005: "int __cdecl _pieRGBA(struct SDL_Renderer *,short,short,short,short,short,unsigned char,unsigned char,unsigned char,unsigned char,unsigned char)" (?_pieRGBA@@YAHPAUSDL_Renderer@@FFFFFEEEEE@Z) already defined in CircleShape.obj
Main.obj : error LNK2005: "int __cdecl aacircleColor(struct SDL_Renderer *,short,short,short,unsigned int)" (?aacircleColor@@YAHPAUSDL_Renderer@@FFFI@Z) already defined in CircleShape.obj
Main.obj : error LNK2005: "int __cdecl aacircleRGBA(struct SDL_Renderer *,short,short,short,unsigned char,unsigned char,unsigned char,unsigned char)" (?aacircleRGBA@@YAHPAUSDL_Renderer@@FFFEEEE@Z) already defined in CircleShape.obj
Main.obj : error LNK2005: "int __cdecl aaellipseColor(struct SDL_Renderer *,short,short,short,short,unsigned int)" (?aaellipseColor@@YAHPAUSDL_Renderer@@FFFFI@Z) already defined in CircleShape.obj
Main.obj : error LNK2005: "int __cdecl aaellipseRGBA(struct SDL_Renderer *,short,short,short,short,unsigned char,unsigned char,unsigned char,unsigned char)" (?aaellipseRGBA@@YAHPAUSDL_Renderer@@FFFFEEEE@Z) already defined in CircleShape.obj
Main.obj : error LNK2005: "int __cdecl aalineColor(struct SDL_Renderer *,short,short,short,short,unsigned int)" (?aalineColor@@YAHPAUSDL_Renderer@@FFFFI@Z) already defined in CircleShape.obj
Main.obj : error LNK2005: "int __cdecl aalineRGBA(struct SDL_Renderer *,short,short,short,short,unsigned char,unsigned char,unsigned char,unsigned char)" (?aalineRGBA@@YAHPAUSDL_Renderer@@FFFFEEEE@Z) already defined in CircleShape.obj
Main.obj : error LNK2005: "int __cdecl aapolygonColor(struct SDL_Renderer *,short const *,short const *,int,unsigned int)" (?aapolygonColor@@YAHPAUSDL_Renderer@@PBF1HI@Z) already defined in CircleShape.obj
Main.obj : error LNK2005: "int __cdecl aapolygonRGBA(struct SDL_Renderer *,short const *,short const *,int,unsigned char,unsigned char,unsigned char,unsigned char)" (?aapolygonRGBA@@YAHPAUSDL_Renderer@@PBF1HEEEE@Z) already defined in CircleShape.obj
Main.obj : error LNK2005: "int __cdecl aatrigonColor(struct SDL_Renderer *,short,short,short,short,short,short,unsigned int)" (?aatrigonColor@@YAHPAUSDL_Renderer@@FFFFFFI@Z) already defined in CircleShape.obj
Main.obj : error LNK2005: "int __cdecl aatrigonRGBA(struct SDL_Renderer *,short,short,short,short,short,short,unsigned char,unsigned char,unsigned char,unsigned char)" (?aatrigonRGBA@@YAHPAUSDL_Renderer@@FFFFFFEEEE@Z) already defined in CircleShape.obj
Main.obj : error LNK2005: "int __cdecl arcColor(struct SDL_Renderer *,short,short,short,short,short,unsigned int)" (?arcColor@@YAHPAUSDL_Renderer@@FFFFFI@Z) already defined in CircleShape.obj
Main.obj : error LNK2005: "int __cdecl arcRGBA(struct SDL_Renderer *,short,short,short,short,short,unsigned char,unsigned char,unsigned char,unsigned char)" (?arcRGBA@@YAHPAUSDL_Renderer@@FFFFFEEEE@Z) already defined in CircleShape.obj
Main.obj : error LNK2005: "int __cdecl bezierColor(struct SDL_Renderer *,short const *,short const *,int,int,unsigned int)" (?bezierColor@@YAHPAUSDL_Renderer@@PBF1HHI@Z) already defined in CircleShape.obj
Main.obj : error LNK2005: "int __cdecl bezierRGBA(struct SDL_Renderer *,short const *,short const *,int,int,unsigned char,unsigned char,unsigned char,unsigned char)" (?bezierRGBA@@YAHPAUSDL_Renderer@@PBF1HHEEEE@Z) already defined in CircleShape.obj
Main.obj : error LNK2005: "int __cdecl boxColor(struct SDL_Renderer *,short,short,short,short,unsigned int)" (?boxColor@@YAHPAUSDL_Renderer@@FFFFI@Z) already defined in CircleShape.obj
Main.obj : error LNK2005: "int __cdecl boxRGBA(struct SDL_Renderer *,short,short,short,short,unsigned char,unsigned char,unsigned char,unsigned char)" (?boxRGBA@@YAHPAUSDL_Renderer@@FFFFEEEE@Z) already defined in CircleShape.obj
Main.obj : error LNK2005: "int __cdecl circleColor(struct SDL_Renderer *,short,short,short,unsigned int)" (?circleColor@@YAHPAUSDL_Renderer@@FFFI@Z) already defined in CircleShape.obj
Main.obj : error LNK2005: "int __cdecl circleRGBA(struct SDL_Renderer *,short,short,short,unsigned char,unsigned char,unsigned char,unsigned char)" (?circleRGBA@@YAHPAUSDL_Renderer@@FFFEEEE@Z) already defined in CircleShape.obj
Main.obj : error LNK2005: "int __cdecl ellipseColor(struct SDL_Renderer *,short,short,short,short,unsigned int)" (?ellipseColor@@YAHPAUSDL_Renderer@@FFFFI@Z) already defined in CircleShape.obj
Main.obj : error LNK2005: "int __cdecl ellipseRGBA(struct SDL_Renderer *,short,short,short,short,unsigned char,unsigned char,unsigned char,unsigned char)" (?ellipseRGBA@@YAHPAUSDL_Renderer@@FFFFEEEE@Z) already defined in CircleShape.obj
Main.obj : error LNK2005: "int __cdecl filledCircleColor(struct SDL_Renderer *,short,short,short,unsigned int)" (?filledCircleColor@@YAHPAUSDL_Renderer@@FFFI@Z) already defined in CircleShape.obj
Main.obj : error LNK2005: "int __cdecl filledCircleRGBA(struct SDL_Renderer *,short,short,short,unsigned char,unsigned char,unsigned char,unsigned char)" (?filledCircleRGBA@@YAHPAUSDL_Renderer@@FFFEEEE@Z) already defined in CircleShape.obj
Main.obj : error LNK2005: "int __cdecl filledEllipseColor(struct SDL_Renderer *,short,short,short,short,unsigned int)" (?filledEllipseColor@@YAHPAUSDL_Renderer@@FFFFI@Z) already defined in CircleShape.obj
Main.obj : error LNK2005: "int __cdecl filledEllipseRGBA(struct SDL_Renderer *,short,short,short,short,unsigned char,unsigned char,unsigned char,unsigned char)" (?filledEllipseRGBA@@YAHPAUSDL_Renderer@@FFFFEEEE@Z) already defined in CircleShape.obj
Main.obj : error LNK2005: "int __cdecl filledPieColor(struct SDL_Renderer *,short,short,short,short,short,unsigned int)" (?filledPieColor@@YAHPAUSDL_Renderer@@FFFFFI@Z) already defined in CircleShape.obj
Main.obj : error LNK2005: "int __cdecl filledPieRGBA(struct SDL_Renderer *,short,short,short,short,short,unsigned char,unsigned char,unsigned char,unsigned char)" (?filledPieRGBA@@YAHPAUSDL_Renderer@@FFFFFEEEE@Z) already defined in CircleShape.obj
Main.obj : error LNK2005: "int __cdecl filledPolygonColor(struct SDL_Renderer *,short const *,short const *,int,unsigned int)" (?filledPolygonColor@@YAHPAUSDL_Renderer@@PBF1HI@Z) already defined in CircleShape.obj
Main.obj : error LNK2005: "int __cdecl filledPolygonRGBA(struct SDL_Renderer *,short const *,short const *,int,unsigned char,unsigned char,unsigned char,unsigned char)" (?filledPolygonRGBA@@YAHPAUSDL_Renderer@@PBF1HEEEE@Z) already defined in CircleShape.obj
Main.obj : error LNK2005: "int __cdecl filledPolygonRGBAMT(struct SDL_Renderer *,short const *,short const *,int,unsigned char,unsigned char,unsigned char,unsigned char,int * *,int *)" (?filledPolygonRGBAMT@@YAHPAUSDL_Renderer@@PBF1HEEEEPAPAHPAH@Z) already defined in CircleShape.obj
Main.obj : error LNK2005: "int __cdecl filledTrigonColor(struct SDL_Renderer *,short,short,short,short,short,short,unsigned int)" (?filledTrigonColor@@YAHPAUSDL_Renderer@@FFFFFFI@Z) already defined in CircleShape.obj
Main.obj : error LNK2005: "int __cdecl filledTrigonRGBA(struct SDL_Renderer *,short,short,short,short,short,short,unsigned char,unsigned char,unsigned char,unsigned char)" (?filledTrigonRGBA@@YAHPAUSDL_Renderer@@FFFFFFEEEE@Z) already defined in CircleShape.obj
Main.obj : error LNK2005: "int __cdecl hline(struct SDL_Renderer *,short,short,short)" (?hline@@YAHPAUSDL_Renderer@@FFF@Z) already defined in CircleShape.obj
Main.obj : error LNK2005: "int __cdecl hlineColor(struct SDL_Renderer *,short,short,short,unsigned int)" (?hlineColor@@YAHPAUSDL_Renderer@@FFFI@Z) already defined in CircleShape.obj
Main.obj : error LNK2005: "int __cdecl hlineRGBA(struct SDL_Renderer *,short,short,short,unsigned char,unsigned char,unsigned char,unsigned char)" (?hlineRGBA@@YAHPAUSDL_Renderer@@FFFEEEE@Z) already defined in CircleShape.obj
Main.obj : error LNK2005: "int __cdecl line(struct SDL_Renderer *,short,short,short,short)" (?line@@YAHPAUSDL_Renderer@@FFFF@Z) already defined in CircleShape.obj
Main.obj : error LNK2005: "int __cdecl lineColor(struct SDL_Renderer *,short,short,short,short,unsigned int)" (?lineColor@@YAHPAUSDL_Renderer@@FFFFI@Z) already defined in CircleShape.obj
Main.obj : error LNK2005: "int __cdecl lineRGBA(struct SDL_Renderer *,short,short,short,short,unsigned char,unsigned char,unsigned char,unsigned char)" (?lineRGBA@@YAHPAUSDL_Renderer@@FFFFEEEE@Z) already defined in CircleShape.obj
Main.obj : error LNK2005: "int __cdecl pieColor(struct SDL_Renderer *,short,short,short,short,short,unsigned int)" (?pieColor@@YAHPAUSDL_Renderer@@FFFFFI@Z) already defined in CircleShape.obj
Main.obj : error LNK2005: "int __cdecl pieRGBA(struct SDL_Renderer *,short,short,short,short,short,unsigned char,unsigned char,unsigned char,unsigned char)" (?pieRGBA@@YAHPAUSDL_Renderer@@FFFFFEEEE@Z) already defined in CircleShape.obj
Main.obj : error LNK2005: "int __cdecl pixel(struct SDL_Renderer *,short,short)" (?pixel@@YAHPAUSDL_Renderer@@FF@Z) already defined in CircleShape.obj
Main.obj : error LNK2005: "int __cdecl pixelColor(struct SDL_Renderer *,short,short,unsigned int)" (?pixelColor@@YAHPAUSDL_Renderer@@FFI@Z) already defined in CircleShape.obj
Main.obj : error LNK2005: "int __cdecl pixelRGBA(struct SDL_Renderer *,short,short,unsigned char,unsigned char,unsigned char,unsigned char)" (?pixelRGBA@@YAHPAUSDL_Renderer@@FFEEEE@Z) already defined in CircleShape.obj
Main.obj : error LNK2005: "int __cdecl pixelRGBAWeight(struct SDL_Renderer *,short,short,unsigned char,unsigned char,unsigned char,unsigned char,unsigned int)" (?pixelRGBAWeight@@YAHPAUSDL_Renderer@@FFEEEEI@Z) already defined in CircleShape.obj
Main.obj : error LNK2005: "int __cdecl polygon(struct SDL_Renderer *,short const *,short const *,int)" (?polygon@@YAHPAUSDL_Renderer@@PBF1H@Z) already defined in CircleShape.obj
Main.obj : error LNK2005: "int __cdecl polygonColor(struct SDL_Renderer *,short const *,short const *,int,unsigned int)" (?polygonColor@@YAHPAUSDL_Renderer@@PBF1HI@Z) already defined in CircleShape.obj
Main.obj : error LNK2005: "int __cdecl polygonRGBA(struct SDL_Renderer *,short const *,short const *,int,unsigned char,unsigned char,unsigned char,unsigned char)" (?polygonRGBA@@YAHPAUSDL_Renderer@@PBF1HEEEE@Z) already defined in CircleShape.obj
Main.obj : error LNK2005: "int __cdecl rectangleColor(struct SDL_Renderer *,short,short,short,short,unsigned int)" (?rectangleColor@@YAHPAUSDL_Renderer@@FFFFI@Z) already defined in CircleShape.obj
Main.obj : error LNK2005: "int __cdecl rectangleRGBA(struct SDL_Renderer *,short,short,short,short,unsigned char,unsigned char,unsigned char,unsigned char)" (?rectangleRGBA@@YAHPAUSDL_Renderer@@FFFFEEEE@Z) already defined in CircleShape.obj
Main.obj : error LNK2005: "int __cdecl roundedBoxColor(struct SDL_Renderer *,short,short,short,short,short,unsigned int)" (?roundedBoxColor@@YAHPAUSDL_Renderer@@FFFFFI@Z) already defined in CircleShape.obj
Main.obj : error LNK2005: "int __cdecl roundedBoxRGBA(struct SDL_Renderer *,short,short,short,short,short,unsigned char,unsigned char,unsigned char,unsigned char)" (?roundedBoxRGBA@@YAHPAUSDL_Renderer@@FFFFFEEEE@Z) already defined in CircleShape.obj
Main.obj : error LNK2005: "int __cdecl roundedRectangleColor(struct SDL_Renderer *,short,short,short,short,short,unsigned int)" (?roundedRectangleColor@@YAHPAUSDL_Renderer@@FFFFFI@Z) already defined in CircleShape.obj
Main.obj : error LNK2005: "int __cdecl roundedRectangleRGBA(struct SDL_Renderer *,short,short,short,short,short,unsigned char,unsigned char,unsigned char,unsigned char)" (?roundedRectangleRGBA@@YAHPAUSDL_Renderer@@FFFFFEEEE@Z) already defined in CircleShape.obj
Main.obj : error LNK2005: "int __cdecl texturedPolygon(struct SDL_Renderer *,short const *,short const *,int,struct SDL_Surface *,int,int)" (?texturedPolygon@@YAHPAUSDL_Renderer@@PBF1HPAUSDL_Surface@@HH@Z) already defined in CircleShape.obj
Main.obj : error LNK2005: "int __cdecl texturedPolygonMT(struct SDL_Renderer *,short const *,short const *,int,struct SDL_Surface *,int,int,int * *,int *)" (?texturedPolygonMT@@YAHPAUSDL_Renderer@@PBF1HPAUSDL_Surface@@HHPAPAHPAH@Z) already defined in CircleShape.obj
Main.obj : error LNK2005: "int __cdecl thickLineColor(struct SDL_Renderer *,short,short,short,short,unsigned char,unsigned int)" (?thickLineColor@@YAHPAUSDL_Renderer@@FFFFEI@Z) already defined in CircleShape.obj
Main.obj : error LNK2005: "int __cdecl thickLineRGBA(struct SDL_Renderer *,short,short,short,short,unsigned char,unsigned char,unsigned char,unsigned char,unsigned char)" (?thickLineRGBA@@YAHPAUSDL_Renderer@@FFFFEEEEE@Z) already defined in CircleShape.obj
Main.obj : error LNK2005: "int __cdecl trigonColor(struct SDL_Renderer *,short,short,short,short,short,short,unsigned int)" (?trigonColor@@YAHPAUSDL_Renderer@@FFFFFFI@Z) already defined in CircleShape.obj
Main.obj : error LNK2005: "int __cdecl trigonRGBA(struct SDL_Renderer *,short,short,short,short,short,short,unsigned char,unsigned char,unsigned char,unsigned char)" (?trigonRGBA@@YAHPAUSDL_Renderer@@FFFFFFEEEE@Z) already defined in CircleShape.obj
Main.obj : error LNK2005: "int __cdecl vlineColor(struct SDL_Renderer *,short,short,short,unsigned int)" (?vlineColor@@YAHPAUSDL_Renderer@@FFFI@Z) already defined in CircleShape.obj
Main.obj : error LNK2005: "int __cdecl vlineRGBA(struct SDL_Renderer *,short,short,short,unsigned char,unsigned char,unsigned char,unsigned char)" (?vlineRGBA@@YAHPAUSDL_Renderer@@FFFEEEE@Z) already defined in CircleShape.obj
ParticleTest.obj : error LNK2005: "int __cdecl _HLineTextured(struct SDL_Renderer *,short,short,short,struct SDL_Texture *,int,int,int,int)" (?_HLineTextured@@YAHPAUSDL_Renderer@@FFFPAUSDL_Texture@@HHHH@Z) already defined in CircleShape.obj
ParticleTest.obj : error LNK2005: "int __cdecl _aalineRGBA(struct SDL_Renderer *,short,short,short,short,unsigned char,unsigned char,unsigned char,unsigned char,int)" (?_aalineRGBA@@YAHPAUSDL_Renderer@@FFFFEEEEH@Z) already defined in CircleShape.obj
ParticleTest.obj : error LNK2005: "int __cdecl _bresenhamInitialize(struct SDL2_gfxBresenhamIterator *,short,short,short,short)" (?_bresenhamInitialize@@YAHPAUSDL2_gfxBresenhamIterator@@FFFF@Z) already defined in CircleShape.obj
ParticleTest.obj : error LNK2005: "int __cdecl _bresenhamIterate(struct SDL2_gfxBresenhamIterator *)" (?_bresenhamIterate@@YAHPAUSDL2_gfxBresenhamIterator@@@Z) already defined in CircleShape.obj
ParticleTest.obj : error LNK2005: "double __cdecl _evaluateBezier(double *,int,double)" (?_evaluateBezier@@YANPANHN@Z) already defined in CircleShape.obj
ParticleTest.obj : error LNK2005: "int __cdecl _gfxPrimitivesCompareInt(void const *,void const *)" (?_gfxPrimitivesCompareInt@@YAHPBX0@Z) already defined in CircleShape.obj
ParticleTest.obj : error LNK2005: "void __cdecl _murphyIteration(struct SDL2_gfxMurphyIterator *,unsigned char,unsigned short,unsigned short,unsigned short,unsigned short,unsigned short,unsigned short,unsigned short,unsigned short)" (?_murphyIteration@@YAXPAUSDL2_gfxMurphyIterator@@EGGGGGGGG@Z) already defined in CircleShape.obj
ParticleTest.obj : error LNK2005: "void __cdecl _murphyParaline(struct SDL2_gfxMurphyIterator *,short,short,int)" (?_murphyParaline@@YAXPAUSDL2_gfxMurphyIterator@@FFH@Z) already defined in CircleShape.obj
ParticleTest.obj : error LNK2005: "void __cdecl _murphyWideline(struct SDL2_gfxMurphyIterator *,short,short,short,short,unsigned char,unsigned char)" (?_murphyWideline@@YAXPAUSDL2_gfxMurphyIterator@@FFFFEE@Z) already defined in CircleShape.obj
ParticleTest.obj : error LNK2005: "int __cdecl _pieRGBA(struct SDL_Renderer *,short,short,short,short,short,unsigned char,unsigned char,unsigned char,unsigned char,unsigned char)" (?_pieRGBA@@YAHPAUSDL_Renderer@@FFFFFEEEEE@Z) already defined in CircleShape.obj
ParticleTest.obj : error LNK2005: "int __cdecl aacircleColor(struct SDL_Renderer *,short,short,short,unsigned int)" (?aacircleColor@@YAHPAUSDL_Renderer@@FFFI@Z) already defined in CircleShape.obj
ParticleTest.obj : error LNK2005: "int __cdecl aacircleRGBA(struct SDL_Renderer *,short,short,short,unsigned char,unsigned char,unsigned char,unsigned char)" (?aacircleRGBA@@YAHPAUSDL_Renderer@@FFFEEEE@Z) already defined in CircleShape.obj
ParticleTest.obj : error LNK2005: "int __cdecl aaellipseColor(struct SDL_Renderer *,short,short,short,short,unsigned int)" (?aaellipseColor@@YAHPAUSDL_Renderer@@FFFFI@Z) already defined in CircleShape.obj
ParticleTest.obj : error LNK2005: "int __cdecl aaellipseRGBA(struct SDL_Renderer *,short,short,short,short,unsigned char,unsigned char,unsigned char,unsigned char)" (?aaellipseRGBA@@YAHPAUSDL_Renderer@@FFFFEEEE@Z) already defined in CircleShape.obj
ParticleTest.obj : error LNK2005: "int __cdecl aalineColor(struct SDL_Renderer *,short,short,short,short,unsigned int)" (?aalineColor@@YAHPAUSDL_Renderer@@FFFFI@Z) already defined in CircleShape.obj
ParticleTest.obj : error LNK2005: "int __cdecl aalineRGBA(struct SDL_Renderer *,short,short,short,short,unsigned char,unsigned char,unsigned char,unsigned char)" (?aalineRGBA@@YAHPAUSDL_Renderer@@FFFFEEEE@Z) already defined in CircleShape.obj
ParticleTest.obj : error LNK2005: "int __cdecl aapolygonColor(struct SDL_Renderer *,short const *,short const *,int,unsigned int)" (?aapolygonColor@@YAHPAUSDL_Renderer@@PBF1HI@Z) already defined in CircleShape.obj
ParticleTest.obj : error LNK2005: "int __cdecl aapolygonRGBA(struct SDL_Renderer *,short const *,short const *,int,unsigned char,unsigned char,unsigned char,unsigned char)" (?aapolygonRGBA@@YAHPAUSDL_Renderer@@PBF1HEEEE@Z) already defined in CircleShape.obj
ParticleTest.obj : error LNK2005: "int __cdecl aatrigonColor(struct SDL_Renderer *,short,short,short,short,short,short,unsigned int)" (?aatrigonColor@@YAHPAUSDL_Renderer@@FFFFFFI@Z) already defined in CircleShape.obj
ParticleTest.obj : error LNK2005: "int __cdecl aatrigonRGBA(struct SDL_Renderer *,short,short,short,short,short,short,unsigned char,unsigned char,unsigned char,unsigned char)" (?aatrigonRGBA@@YAHPAUSDL_Renderer@@FFFFFFEEEE@Z) already defined in CircleShape.obj
ParticleTest.obj : error LNK2005: "int __cdecl arcColor(struct SDL_Renderer *,short,short,short,short,short,unsigned int)" (?arcColor@@YAHPAUSDL_Renderer@@FFFFFI@Z) already defined in CircleShape.obj
ParticleTest.obj : error LNK2005: "int __cdecl arcRGBA(struct SDL_Renderer *,short,short,short,short,short,unsigned char,unsigned char,unsigned char,unsigned char)" (?arcRGBA@@YAHPAUSDL_Renderer@@FFFFFEEEE@Z) already defined in CircleShape.obj
ParticleTest.obj : error LNK2005: "int __cdecl bezierColor(struct SDL_Renderer *,short const *,short const *,int,int,unsigned int)" (?bezierColor@@YAHPAUSDL_Renderer@@PBF1HHI@Z) already defined in CircleShape.obj
ParticleTest.obj : error LNK2005: "int __cdecl bezierRGBA(struct SDL_Renderer *,short const *,short const *,int,int,unsigned char,unsigned char,unsigned char,unsigned char)" (?bezierRGBA@@YAHPAUSDL_Renderer@@PBF1HHEEEE@Z) already defined in CircleShape.obj
ParticleTest.obj : error LNK2005: "int __cdecl boxColor(struct SDL_Renderer *,short,short,short,short,unsigned int)" (?boxColor@@YAHPAUSDL_Renderer@@FFFFI@Z) already defined in CircleShape.obj
ParticleTest.obj : error LNK2005: "int __cdecl boxRGBA(struct SDL_Renderer *,short,short,short,short,unsigned char,unsigned char,unsigned char,unsigned char)" (?boxRGBA@@YAHPAUSDL_Renderer@@FFFFEEEE@Z) already defined in CircleShape.obj
ParticleTest.obj : error LNK2005: "int __cdecl circleColor(struct SDL_Renderer *,short,short,short,unsigned int)" (?circleColor@@YAHPAUSDL_Renderer@@FFFI@Z) already defined in CircleShape.obj
ParticleTest.obj : error LNK2005: "int __cdecl circleRGBA(struct SDL_Renderer *,short,short,short,unsigned char,unsigned char,unsigned char,unsigned char)" (?circleRGBA@@YAHPAUSDL_Renderer@@FFFEEEE@Z) already defined in CircleShape.obj
ParticleTest.obj : error LNK2005: "int __cdecl ellipseColor(struct SDL_Renderer *,short,short,short,short,unsigned int)" (?ellipseColor@@YAHPAUSDL_Renderer@@FFFFI@Z) already defined in CircleShape.obj
ParticleTest.obj : error LNK2005: "int __cdecl ellipseRGBA(struct SDL_Renderer *,short,short,short,short,unsigned char,unsigned char,unsigned char,unsigned char)" (?ellipseRGBA@@YAHPAUSDL_Renderer@@FFFFEEEE@Z) already defined in CircleShape.obj
ParticleTest.obj : error LNK2005: "int __cdecl filledCircleColor(struct SDL_Renderer *,short,short,short,unsigned int)" (?filledCircleColor@@YAHPAUSDL_Renderer@@FFFI@Z) already defined in CircleShape.obj
ParticleTest.obj : error LNK2005: "int __cdecl filledCircleRGBA(struct SDL_Renderer *,short,short,short,unsigned char,unsigned char,unsigned char,unsigned char)" (?filledCircleRGBA@@YAHPAUSDL_Renderer@@FFFEEEE@Z) already defined in CircleShape.obj
ParticleTest.obj : error LNK2005: "int __cdecl filledEllipseColor(struct SDL_Renderer *,short,short,short,short,unsigned int)" (?filledEllipseColor@@YAHPAUSDL_Renderer@@FFFFI@Z) already defined in CircleShape.obj
ParticleTest.obj : error LNK2005: "int __cdecl filledEllipseRGBA(struct SDL_Renderer *,short,short,short,short,unsigned char,unsigned char,unsigned char,unsigned char)" (?filledEllipseRGBA@@YAHPAUSDL_Renderer@@FFFFEEEE@Z) already defined in CircleShape.obj
ParticleTest.obj : error LNK2005: "int __cdecl filledPieColor(struct SDL_Renderer *,short,short,short,short,short,unsigned int)" (?filledPieColor@@YAHPAUSDL_Renderer@@FFFFFI@Z) already defined in CircleShape.obj
ParticleTest.obj : error LNK2005: "int __cdecl filledPieRGBA(struct SDL_Renderer *,short,short,short,short,short,unsigned char,unsigned char,unsigned char,unsigned char)" (?filledPieRGBA@@YAHPAUSDL_Renderer@@FFFFFEEEE@Z) already defined in CircleShape.obj
ParticleTest.obj : error LNK2005: "int __cdecl filledPolygonColor(struct SDL_Renderer *,short const *,short const *,int,unsigned int)" (?filledPolygonColor@@YAHPAUSDL_Renderer@@PBF1HI@Z) already defined in CircleShape.obj
ParticleTest.obj : error LNK2005: "int __cdecl filledPolygonRGBA(struct SDL_Renderer *,short const *,short const *,int,unsigned char,unsigned char,unsigned char,unsigned char)" (?filledPolygonRGBA@@YAHPAUSDL_Renderer@@PBF1HEEEE@Z) already defined in CircleShape.obj
ParticleTest.obj : error LNK2005: "int __cdecl filledPolygonRGBAMT(struct SDL_Renderer *,short const *,short const *,int,unsigned char,unsigned char,unsigned char,unsigned char,int * *,int *)" (?filledPolygonRGBAMT@@YAHPAUSDL_Renderer@@PBF1HEEEEPAPAHPAH@Z) already defined in CircleShape.obj
ParticleTest.obj : error LNK2005: "int __cdecl filledTrigonColor(struct SDL_Renderer *,short,short,short,short,short,short,unsigned int)" (?filledTrigonColor@@YAHPAUSDL_Renderer@@FFFFFFI@Z) already defined in CircleShape.obj
ParticleTest.obj : error LNK2005: "int __cdecl filledTrigonRGBA(struct SDL_Renderer *,short,short,short,short,short,short,unsigned char,unsigned char,unsigned char,unsigned char)" (?filledTrigonRGBA@@YAHPAUSDL_Renderer@@FFFFFFEEEE@Z) already defined in CircleShape.obj
ParticleTest.obj : error LNK2005: "int __cdecl hline(struct SDL_Renderer *,short,short,short)" (?hline@@YAHPAUSDL_Renderer@@FFF@Z) already defined in CircleShape.obj
ParticleTest.obj : error LNK2005: "int __cdecl hlineColor(struct SDL_Renderer *,short,short,short,unsigned int)" (?hlineColor@@YAHPAUSDL_Renderer@@FFFI@Z) already defined in CircleShape.obj
ParticleTest.obj : error LNK2005: "int __cdecl hlineRGBA(struct SDL_Renderer *,short,short,short,unsigned char,unsigned char,unsigned char,unsigned char)" (?hlineRGBA@@YAHPAUSDL_Renderer@@FFFEEEE@Z) already defined in CircleShape.obj
ParticleTest.obj : error LNK2005: "int __cdecl line(struct SDL_Renderer *,short,short,short,short)" (?line@@YAHPAUSDL_Renderer@@FFFF@Z) already defined in CircleShape.obj
ParticleTest.obj : error LNK2005: "int __cdecl lineColor(struct SDL_Renderer *,short,short,short,short,unsigned int)" (?lineColor@@YAHPAUSDL_Renderer@@FFFFI@Z) already defined in CircleShape.obj
ParticleTest.obj : error LNK2005: "int __cdecl lineRGBA(struct SDL_Renderer *,short,short,short,short,unsigned char,unsigned char,unsigned char,unsigned char)" (?lineRGBA@@YAHPAUSDL_Renderer@@FFFFEEEE@Z) already defined in CircleShape.obj
ParticleTest.obj : error LNK2005: "int __cdecl pieColor(struct SDL_Renderer *,short,short,short,short,short,unsigned int)" (?pieColor@@YAHPAUSDL_Renderer@@FFFFFI@Z) already defined in CircleShape.obj
ParticleTest.obj : error LNK2005: "int __cdecl pieRGBA(struct SDL_Renderer *,short,short,short,short,short,unsigned char,unsigned char,unsigned char,unsigned char)" (?pieRGBA@@YAHPAUSDL_Renderer@@FFFFFEEEE@Z) already defined in CircleShape.obj
ParticleTest.obj : error LNK2005: "int __cdecl pixel(struct SDL_Renderer *,short,short)" (?pixel@@YAHPAUSDL_Renderer@@FF@Z) already defined in CircleShape.obj
ParticleTest.obj : error LNK2005: "int __cdecl pixelColor(struct SDL_Renderer *,short,short,unsigned int)" (?pixelColor@@YAHPAUSDL_Renderer@@FFI@Z) already defined in CircleShape.obj
ParticleTest.obj : error LNK2005: "int __cdecl pixelRGBA(struct SDL_Renderer *,short,short,unsigned char,unsigned char,unsigned char,unsigned char)" (?pixelRGBA@@YAHPAUSDL_Renderer@@FFEEEE@Z) already defined in CircleShape.obj
ParticleTest.obj : error LNK2005: "int __cdecl pixelRGBAWeight(struct SDL_Renderer *,short,short,unsigned char,unsigned char,unsigned char,unsigned char,unsigned int)" (?pixelRGBAWeight@@YAHPAUSDL_Renderer@@FFEEEEI@Z) already defined in CircleShape.obj
ParticleTest.obj : error LNK2005: "int __cdecl polygon(struct SDL_Renderer *,short const *,short const *,int)" (?polygon@@YAHPAUSDL_Renderer@@PBF1H@Z) already defined in CircleShape.obj
ParticleTest.obj : error LNK2005: "int __cdecl polygonColor(struct SDL_Renderer *,short const *,short const *,int,unsigned int)" (?polygonColor@@YAHPAUSDL_Renderer@@PBF1HI@Z) already defined in CircleShape.obj
ParticleTest.obj : error LNK2005: "int __cdecl polygonRGBA(struct SDL_Renderer *,short const *,short const *,int,unsigned char,unsigned char,unsigned char,unsigned char)" (?polygonRGBA@@YAHPAUSDL_Renderer@@PBF1HEEEE@Z) already defined in CircleShape.obj
ParticleTest.obj : error LNK2005: "int __cdecl rectangleColor(struct SDL_Renderer *,short,short,short,short,unsigned int)" (?rectangleColor@@YAHPAUSDL_Renderer@@FFFFI@Z) already defined in CircleShape.obj
ParticleTest.obj : error LNK2005: "int __cdecl rectangleRGBA(struct SDL_Renderer *,short,short,short,short,unsigned char,unsigned char,unsigned char,unsigned char)" (?rectangleRGBA@@YAHPAUSDL_Renderer@@FFFFEEEE@Z) already defined in CircleShape.obj
ParticleTest.obj : error LNK2005: "int __cdecl roundedBoxColor(struct SDL_Renderer *,short,short,short,short,short,unsigned int)" (?roundedBoxColor@@YAHPAUSDL_Renderer@@FFFFFI@Z) already defined in CircleShape.obj
ParticleTest.obj : error LNK2005: "int __cdecl roundedBoxRGBA(struct SDL_Renderer *,short,short,short,short,short,unsigned char,unsigned char,unsigned char,unsigned char)" (?roundedBoxRGBA@@YAHPAUSDL_Renderer@@FFFFFEEEE@Z) already defined in CircleShape.obj
ParticleTest.obj : error LNK2005: "int __cdecl roundedRectangleColor(struct SDL_Renderer *,short,short,short,short,short,unsigned int)" (?roundedRectangleColor@@YAHPAUSDL_Renderer@@FFFFFI@Z) already defined in CircleShape.obj
ParticleTest.obj : error LNK2005: "int __cdecl roundedRectangleRGBA(struct SDL_Renderer *,short,short,short,short,short,unsigned char,unsigned char,unsigned char,unsigned char)" (?roundedRectangleRGBA@@YAHPAUSDL_Renderer@@FFFFFEEEE@Z) already defined in CircleShape.obj
ParticleTest.obj : error LNK2005: "int __cdecl texturedPolygon(struct SDL_Renderer *,short const *,short const *,int,struct SDL_Surface *,int,int)" (?texturedPolygon@@YAHPAUSDL_Renderer@@PBF1HPAUSDL_Surface@@HH@Z) already defined in CircleShape.obj
ParticleTest.obj : error LNK2005: "int __cdecl texturedPolygonMT(struct SDL_Renderer *,short const *,short const *,int,struct SDL_Surface *,int,int,int * *,int *)" (?texturedPolygonMT@@YAHPAUSDL_Renderer@@PBF1HPAUSDL_Surface@@HHPAPAHPAH@Z) already defined in CircleShape.obj
ParticleTest.obj : error LNK2005: "int __cdecl thickLineColor(struct SDL_Renderer *,short,short,short,short,unsigned char,unsigned int)" (?thickLineColor@@YAHPAUSDL_Renderer@@FFFFEI@Z) already defined in CircleShape.obj
ParticleTest.obj : error LNK2005: "int __cdecl thickLineRGBA(struct SDL_Renderer *,short,short,short,short,unsigned char,unsigned char,unsigned char,unsigned char,unsigned char)" (?thickLineRGBA@@YAHPAUSDL_Renderer@@FFFFEEEEE@Z) already defined in CircleShape.obj
ParticleTest.obj : error LNK2005: "int __cdecl trigonColor(struct SDL_Renderer *,short,short,short,short,short,short,unsigned int)" (?trigonColor@@YAHPAUSDL_Renderer@@FFFFFFI@Z) already defined in CircleShape.obj
ParticleTest.obj : error LNK2005: "int __cdecl trigonRGBA(struct SDL_Renderer *,short,short,short,short,short,short,unsigned char,unsigned char,unsigned char,unsigned char)" (?trigonRGBA@@YAHPAUSDL_Renderer@@FFFFFFEEEE@Z) already defined in CircleShape.obj
ParticleTest.obj : error LNK2005: "int __cdecl vlineColor(struct SDL_Renderer *,short,short,short,unsigned int)" (?vlineColor@@YAHPAUSDL_Renderer@@FFFI@Z) already defined in CircleShape.obj
ParticleTest.obj : error LNK2005: "int __cdecl vlineRGBA(struct SDL_Renderer *,short,short,short,unsigned char,unsigned char,unsigned char,unsigned char)" (?vlineRGBA@@YAHPAUSDL_Renderer@@FFFEEEE@Z) already defined in CircleShape.obj
Primitives.obj : error LNK2005: "int __cdecl _HLineTextured(struct SDL_Renderer *,short,short,short,struct SDL_Texture *,int,int,int,int)" (?_HLineTextured@@YAHPAUSDL_Renderer@@FFFPAUSDL_Texture@@HHHH@Z) already defined in CircleShape.obj
Primitives.obj : error LNK2005: "int __cdecl _aalineRGBA(struct SDL_Renderer *,short,short,short,short,unsigned char,unsigned char,unsigned char,unsigned char,int)" (?_aalineRGBA@@YAHPAUSDL_Renderer@@FFFFEEEEH@Z) already defined in CircleShape.obj
Primitives.obj : error LNK2005: "int __cdecl _bresenhamInitialize(struct SDL2_gfxBresenhamIterator *,short,short,short,short)" (?_bresenhamInitialize@@YAHPAUSDL2_gfxBresenhamIterator@@FFFF@Z) already defined in CircleShape.obj
Primitives.obj : error LNK2005: "int __cdecl _bresenhamIterate(struct SDL2_gfxBresenhamIterator *)" (?_bresenhamIterate@@YAHPAUSDL2_gfxBresenhamIterator@@@Z) already defined in CircleShape.obj
Primitives.obj : error LNK2005: "double __cdecl _evaluateBezier(double *,int,double)" (?_evaluateBezier@@YANPANHN@Z) already defined in CircleShape.obj
Primitives.obj : error LNK2005: "int __cdecl _gfxPrimitivesCompareInt(void const *,void const *)" (?_gfxPrimitivesCompareInt@@YAHPBX0@Z) already defined in CircleShape.obj
Primitives.obj : error LNK2005: "void __cdecl _murphyIteration(struct SDL2_gfxMurphyIterator *,unsigned char,unsigned short,unsigned short,unsigned short,unsigned short,unsigned short,unsigned short,unsigned short,unsigned short)" (?_murphyIteration@@YAXPAUSDL2_gfxMurphyIterator@@EGGGGGGGG@Z) already defined in CircleShape.obj
Primitives.obj : error LNK2005: "void __cdecl _murphyParaline(struct SDL2_gfxMurphyIterator *,short,short,int)" (?_murphyParaline@@YAXPAUSDL2_gfxMurphyIterator@@FFH@Z) already defined in CircleShape.obj
Primitives.obj : error LNK2005: "void __cdecl _murphyWideline(struct SDL2_gfxMurphyIterator *,short,short,short,short,unsigned char,unsigned char)" (?_murphyWideline@@YAXPAUSDL2_gfxMurphyIterator@@FFFFEE@Z) already defined in CircleShape.obj
Primitives.obj : error LNK2005: "int __cdecl _pieRGBA(struct SDL_Renderer *,short,short,short,short,short,unsigned char,unsigned char,unsigned char,unsigned char,unsigned char)" (?_pieRGBA@@YAHPAUSDL_Renderer@@FFFFFEEEEE@Z) already defined in CircleShape.obj
Primitives.obj : error LNK2005: "int __cdecl aacircleColor(struct SDL_Renderer *,short,short,short,unsigned int)" (?aacircleColor@@YAHPAUSDL_Renderer@@FFFI@Z) already defined in CircleShape.obj
Primitives.obj : error LNK2005: "int __cdecl aacircleRGBA(struct SDL_Renderer *,short,short,short,unsigned char,unsigned char,unsigned char,unsigned char)" (?aacircleRGBA@@YAHPAUSDL_Renderer@@FFFEEEE@Z) already defined in CircleShape.obj
Primitives.obj : error LNK2005: "int __cdecl aaellipseColor(struct SDL_Renderer *,short,short,short,short,unsigned int)" (?aaellipseColor@@YAHPAUSDL_Renderer@@FFFFI@Z) already defined in CircleShape.obj
Primitives.obj : error LNK2005: "int __cdecl aaellipseRGBA(struct SDL_Renderer *,short,short,short,short,unsigned char,unsigned char,unsigned char,unsigned char)" (?aaellipseRGBA@@YAHPAUSDL_Renderer@@FFFFEEEE@Z) already defined in CircleShape.obj
Primitives.obj : error LNK2005: "int __cdecl aalineColor(struct SDL_Renderer *,short,short,short,short,unsigned int)" (?aalineColor@@YAHPAUSDL_Renderer@@FFFFI@Z) already defined in CircleShape.obj
Primitives.obj : error LNK2005: "int __cdecl aalineRGBA(struct SDL_Renderer *,short,short,short,short,unsigned char,unsigned char,unsigned char,unsigned char)" (?aalineRGBA@@YAHPAUSDL_Renderer@@FFFFEEEE@Z) already defined in CircleShape.obj
Primitives.obj : error LNK2005: "int __cdecl aapolygonColor(struct SDL_Renderer *,short const *,short const *,int,unsigned int)" (?aapolygonColor@@YAHPAUSDL_Renderer@@PBF1HI@Z) already defined in CircleShape.obj
Primitives.obj : error LNK2005: "int __cdecl aapolygonRGBA(struct SDL_Renderer *,short const *,short const *,int,unsigned char,unsigned char,unsigned char,unsigned char)" (?aapolygonRGBA@@YAHPAUSDL_Renderer@@PBF1HEEEE@Z) already defined in CircleShape.obj
Primitives.obj : error LNK2005: "int __cdecl aatrigonColor(struct SDL_Renderer *,short,short,short,short,short,short,unsigned int)" (?aatrigonColor@@YAHPAUSDL_Renderer@@FFFFFFI@Z) already defined in CircleShape.obj
Primitives.obj : error LNK2005: "int __cdecl aatrigonRGBA(struct SDL_Renderer *,short,short,short,short,short,short,unsigned char,unsigned char,unsigned char,unsigned char)" (?aatrigonRGBA@@YAHPAUSDL_Renderer@@FFFFFFEEEE@Z) already defined in CircleShape.obj
Primitives.obj : error LNK2005: "int __cdecl arcColor(struct SDL_Renderer *,short,short,short,short,short,unsigned int)" (?arcColor@@YAHPAUSDL_Renderer@@FFFFFI@Z) already defined in CircleShape.obj
Primitives.obj : error LNK2005: "int __cdecl arcRGBA(struct SDL_Renderer *,short,short,short,short,short,unsigned char,unsigned char,unsigned char,unsigned char)" (?arcRGBA@@YAHPAUSDL_Renderer@@FFFFFEEEE@Z) already defined in CircleShape.obj
Primitives.obj : error LNK2005: "int __cdecl bezierColor(struct SDL_Renderer *,short const *,short const *,int,int,unsigned int)" (?bezierColor@@YAHPAUSDL_Renderer@@PBF1HHI@Z) already defined in CircleShape.obj
Primitives.obj : error LNK2005: "int __cdecl bezierRGBA(struct SDL_Renderer *,short const *,short const *,int,int,unsigned char,unsigned char,unsigned char,unsigned char)" (?bezierRGBA@@YAHPAUSDL_Renderer@@PBF1HHEEEE@Z) already defined in CircleShape.obj
Primitives.obj : error LNK2005: "int __cdecl boxColor(struct SDL_Renderer *,short,short,short,short,unsigned int)" (?boxColor@@YAHPAUSDL_Renderer@@FFFFI@Z) already defined in CircleShape.obj
Primitives.obj : error LNK2005: "int __cdecl boxRGBA(struct SDL_Renderer *,short,short,short,short,unsigned char,unsigned char,unsigned char,unsigned char)" (?boxRGBA@@YAHPAUSDL_Renderer@@FFFFEEEE@Z) already defined in CircleShape.obj
Primitives.obj : error LNK2005: "int __cdecl circleColor(struct SDL_Renderer *,short,short,short,unsigned int)" (?circleColor@@YAHPAUSDL_Renderer@@FFFI@Z) already defined in CircleShape.obj
Primitives.obj : error LNK2005: "int __cdecl circleRGBA(struct SDL_Renderer *,short,short,short,unsigned char,unsigned char,unsigned char,unsigned char)" (?circleRGBA@@YAHPAUSDL_Renderer@@FFFEEEE@Z) already defined in CircleShape.obj
Primitives.obj : error LNK2005: "int __cdecl ellipseColor(struct SDL_Renderer *,short,short,short,short,unsigned int)" (?ellipseColor@@YAHPAUSDL_Renderer@@FFFFI@Z) already defined in CircleShape.obj
Primitives.obj : error LNK2005: "int __cdecl ellipseRGBA(struct SDL_Renderer *,short,short,short,short,unsigned char,unsigned char,unsigned char,unsigned char)" (?ellipseRGBA@@YAHPAUSDL_Renderer@@FFFFEEEE@Z) already defined in CircleShape.obj
Primitives.obj : error LNK2005: "int __cdecl filledCircleColor(struct SDL_Renderer *,short,short,short,unsigned int)" (?filledCircleColor@@YAHPAUSDL_Renderer@@FFFI@Z) already defined in CircleShape.obj
Primitives.obj : error LNK2005: "int __cdecl filledCircleRGBA(struct SDL_Renderer *,short,short,short,unsigned char,unsigned char,unsigned char,unsigned char)" (?filledCircleRGBA@@YAHPAUSDL_Renderer@@FFFEEEE@Z) already defined in CircleShape.obj
Primitives.obj : error LNK2005: "int __cdecl filledEllipseColor(struct SDL_Renderer *,short,short,short,short,unsigned int)" (?filledEllipseColor@@YAHPAUSDL_Renderer@@FFFFI@Z) already defined in CircleShape.obj
Primitives.obj : error LNK2005: "int __cdecl filledEllipseRGBA(struct SDL_Renderer *,short,short,short,short,unsigned char,unsigned char,unsigned char,unsigned char)" (?filledEllipseRGBA@@YAHPAUSDL_Renderer@@FFFFEEEE@Z) already defined in CircleShape.obj
Primitives.obj : error LNK2005: "int __cdecl filledPieColor(struct SDL_Renderer *,short,short,short,short,short,unsigned int)" (?filledPieColor@@YAHPAUSDL_Renderer@@FFFFFI@Z) already defined in CircleShape.obj
Primitives.obj : error LNK2005: "int __cdecl filledPieRGBA(struct SDL_Renderer *,short,short,short,short,short,unsigned char,unsigned char,unsigned char,unsigned char)" (?filledPieRGBA@@YAHPAUSDL_Renderer@@FFFFFEEEE@Z) already defined in CircleShape.obj
Primitives.obj : error LNK2005: "int __cdecl filledPolygonColor(struct SDL_Renderer *,short const *,short const *,int,unsigned int)" (?filledPolygonColor@@YAHPAUSDL_Renderer@@PBF1HI@Z) already defined in CircleShape.obj
Primitives.obj : error LNK2005: "int __cdecl filledPolygonRGBA(struct SDL_Renderer *,short const *,short const *,int,unsigned char,unsigned char,unsigned char,unsigned char)" (?filledPolygonRGBA@@YAHPAUSDL_Renderer@@PBF1HEEEE@Z) already defined in CircleShape.obj
Primitives.obj : error LNK2005: "int __cdecl filledPolygonRGBAMT(struct SDL_Renderer *,short const *,short const *,int,unsigned char,unsigned char,unsigned char,unsigned char,int * *,int *)" (?filledPolygonRGBAMT@@YAHPAUSDL_Renderer@@PBF1HEEEEPAPAHPAH@Z) already defined in CircleShape.obj
Primitives.obj : error LNK2005: "int __cdecl filledTrigonColor(struct SDL_Renderer *,short,short,short,short,short,short,unsigned int)" (?filledTrigonColor@@YAHPAUSDL_Renderer@@FFFFFFI@Z) already defined in CircleShape.obj
Primitives.obj : error LNK2005: "int __cdecl filledTrigonRGBA(struct SDL_Renderer *,short,short,short,short,short,short,unsigned char,unsigned char,unsigned char,unsigned char)" (?filledTrigonRGBA@@YAHPAUSDL_Renderer@@FFFFFFEEEE@Z) already defined in CircleShape.obj
Primitives.obj : error LNK2005: "int __cdecl hline(struct SDL_Renderer *,short,short,short)" (?hline@@YAHPAUSDL_Renderer@@FFF@Z) already defined in CircleShape.obj
Primitives.obj : error LNK2005: "int __cdecl hlineColor(struct SDL_Renderer *,short,short,short,unsigned int)" (?hlineColor@@YAHPAUSDL_Renderer@@FFFI@Z) already defined in CircleShape.obj
Primitives.obj : error LNK2005: "int __cdecl hlineRGBA(struct SDL_Renderer *,short,short,short,unsigned char,unsigned char,unsigned char,unsigned char)" (?hlineRGBA@@YAHPAUSDL_Renderer@@FFFEEEE@Z) already defined in CircleShape.obj
Primitives.obj : error LNK2005: "int __cdecl line(struct SDL_Renderer *,short,short,short,short)" (?line@@YAHPAUSDL_Renderer@@FFFF@Z) already defined in CircleShape.obj
Primitives.obj : error LNK2005: "int __cdecl lineColor(struct SDL_Renderer *,short,short,short,short,unsigned int)" (?lineColor@@YAHPAUSDL_Renderer@@FFFFI@Z) already defined in CircleShape.obj
Primitives.obj : error LNK2005: "int __cdecl lineRGBA(struct SDL_Renderer *,short,short,short,short,unsigned char,unsigned char,unsigned char,unsigned char)" (?lineRGBA@@YAHPAUSDL_Renderer@@FFFFEEEE@Z) already defined in CircleShape.obj
Primitives.obj : error LNK2005: "int __cdecl pieColor(struct SDL_Renderer *,short,short,short,short,short,unsigned int)" (?pieColor@@YAHPAUSDL_Renderer@@FFFFFI@Z) already defined in CircleShape.obj
Primitives.obj : error LNK2005: "int __cdecl pieRGBA(struct SDL_Renderer *,short,short,short,short,short,unsigned char,unsigned char,unsigned char,unsigned char)" (?pieRGBA@@YAHPAUSDL_Renderer@@FFFFFEEEE@Z) already defined in CircleShape.obj
Primitives.obj : error LNK2005: "int __cdecl pixel(struct SDL_Renderer *,short,short)" (?pixel@@YAHPAUSDL_Renderer@@FF@Z) already defined in CircleShape.obj
Primitives.obj : error LNK2005: "int __cdecl pixelColor(struct SDL_Renderer *,short,short,unsigned int)" (?pixelColor@@YAHPAUSDL_Renderer@@FFI@Z) already defined in CircleShape.obj
Primitives.obj : error LNK2005: "int __cdecl pixelRGBA(struct SDL_Renderer *,short,short,unsigned char,unsigned char,unsigned char,unsigned char)" (?pixelRGBA@@YAHPAUSDL_Renderer@@FFEEEE@Z) already defined in CircleShape.obj
Primitives.obj : error LNK2005: "int __cdecl pixelRGBAWeight(struct SDL_Renderer *,short,short,unsigned char,unsigned char,unsigned char,unsigned char,unsigned int)" (?pixelRGBAWeight@@YAHPAUSDL_Renderer@@FFEEEEI@Z) already defined in CircleShape.obj
Primitives.obj : error LNK2005: "int __cdecl polygon(struct SDL_Renderer *,short const *,short const *,int)" (?polygon@@YAHPAUSDL_Renderer@@PBF1H@Z) already defined in CircleShape.obj
Primitives.obj : error LNK2005: "int __cdecl polygonColor(struct SDL_Renderer *,short const *,short const *,int,unsigned int)" (?polygonColor@@YAHPAUSDL_Renderer@@PBF1HI@Z) already defined in CircleShape.obj
Primitives.obj : error LNK2005: "int __cdecl polygonRGBA(struct SDL_Renderer *,short const *,short const *,int,unsigned char,unsigned char,unsigned char,unsigned char)" (?polygonRGBA@@YAHPAUSDL_Renderer@@PBF1HEEEE@Z) already defined in CircleShape.obj
Primitives.obj : error LNK2005: "int __cdecl rectangleColor(struct SDL_Renderer *,short,short,short,short,unsigned int)" (?rectangleColor@@YAHPAUSDL_Renderer@@FFFFI@Z) already defined in CircleShape.obj
Primitives.obj : error LNK2005: "int __cdecl rectangleRGBA(struct SDL_Renderer *,short,short,short,short,unsigned char,unsigned char,unsigned char,unsigned char)" (?rectangleRGBA@@YAHPAUSDL_Renderer@@FFFFEEEE@Z) already defined in CircleShape.obj
Primitives.obj : error LNK2005: "int __cdecl roundedBoxColor(struct SDL_Renderer *,short,short,short,short,short,unsigned int)" (?roundedBoxColor@@YAHPAUSDL_Renderer@@FFFFFI@Z) already defined in CircleShape.obj
Primitives.obj : error LNK2005: "int __cdecl roundedBoxRGBA(struct SDL_Renderer *,short,short,short,short,short,unsigned char,unsigned char,unsigned char,unsigned char)" (?roundedBoxRGBA@@YAHPAUSDL_Renderer@@FFFFFEEEE@Z) already defined in CircleShape.obj
Primitives.obj : error LNK2005: "int __cdecl roundedRectangleColor(struct SDL_Renderer *,short,short,short,short,short,unsigned int)" (?roundedRectangleColor@@YAHPAUSDL_Renderer@@FFFFFI@Z) already defined in CircleShape.obj
Primitives.obj : error LNK2005: "int __cdecl roundedRectangleRGBA(struct SDL_Renderer *,short,short,short,short,short,unsigned char,unsigned char,unsigned char,unsigned char)" (?roundedRectangleRGBA@@YAHPAUSDL_Renderer@@FFFFFEEEE@Z) already defined in CircleShape.obj
Primitives.obj : error LNK2005: "int __cdecl texturedPolygon(struct SDL_Renderer *,short const *,short const *,int,struct SDL_Surface *,int,int)" (?texturedPolygon@@YAHPAUSDL_Renderer@@PBF1HPAUSDL_Surface@@HH@Z) already defined in CircleShape.obj
Primitives.obj : error LNK2005: "int __cdecl texturedPolygonMT(struct SDL_Renderer *,short const *,short const *,int,struct SDL_Surface *,int,int,int * *,int *)" (?texturedPolygonMT@@YAHPAUSDL_Renderer@@PBF1HPAUSDL_Surface@@HHPAPAHPAH@Z) already defined in CircleShape.obj
Primitives.obj : error LNK2005: "int __cdecl thickLineColor(struct SDL_Renderer *,short,short,short,short,unsigned char,unsigned int)" (?thickLineColor@@YAHPAUSDL_Renderer@@FFFFEI@Z) already defined in CircleShape.obj
Primitives.obj : error LNK2005: "int __cdecl thickLineRGBA(struct SDL_Renderer *,short,short,short,short,unsigned char,unsigned char,unsigned char,unsigned char,unsigned char)" (?thickLineRGBA@@YAHPAUSDL_Renderer@@FFFFEEEEE@Z) already defined in CircleShape.obj
Primitives.obj : error LNK2005: "int __cdecl trigonColor(struct SDL_Renderer *,short,short,short,short,short,short,unsigned int)" (?trigonColor@@YAHPAUSDL_Renderer@@FFFFFFI@Z) already defined in CircleShape.obj
Primitives.obj : error LNK2005: "int __cdecl trigonRGBA(struct SDL_Renderer *,short,short,short,short,short,short,unsigned char,unsigned char,unsigned char,unsigned char)" (?trigonRGBA@@YAHPAUSDL_Renderer@@FFFFFFEEEE@Z) already defined in CircleShape.obj
Primitives.obj : error LNK2005: "int __cdecl vlineColor(struct SDL_Renderer *,short,short,short,unsigned int)" (?vlineColor@@YAHPAUSDL_Renderer@@FFFI@Z) already defined in CircleShape.obj
Primitives.obj : error LNK2005: "int __cdecl vlineRGBA(struct SDL_Renderer *,short,short,short,unsigned char,unsigned char,unsigned char,unsigned char)" (?vlineRGBA@@YAHPAUSDL_Renderer@@FFFEEEE@Z) already defined in CircleShape.obj
Test.obj : error LNK2005: "int __cdecl _HLineTextured(struct SDL_Renderer *,short,short,short,struct SDL_Texture *,int,int,int,int)" (?_HLineTextured@@YAHPAUSDL_Renderer@@FFFPAUSDL_Texture@@HHHH@Z) already defined in CircleShape.obj
Test.obj : error LNK2005: "int __cdecl _aalineRGBA(struct SDL_Renderer *,short,short,short,short,unsigned char,unsigned char,unsigned char,unsigned char,int)" (?_aalineRGBA@@YAHPAUSDL_Renderer@@FFFFEEEEH@Z) already defined in CircleShape.obj
Test.obj : error LNK2005: "int __cdecl _bresenhamInitialize(struct SDL2_gfxBresenhamIterator *,short,short,short,short)" (?_bresenhamInitialize@@YAHPAUSDL2_gfxBresenhamIterator@@FFFF@Z) already defined in CircleShape.obj
Test.obj : error LNK2005: "int __cdecl _bresenhamIterate(struct SDL2_gfxBresenhamIterator *)" (?_bresenhamIterate@@YAHPAUSDL2_gfxBresenhamIterator@@@Z) already defined in CircleShape.obj
Test.obj : error LNK2005: "double __cdecl _evaluateBezier(double *,int,double)" (?_evaluateBezier@@YANPANHN@Z) already defined in CircleShape.obj
Test.obj : error LNK2005: "int __cdecl _gfxPrimitivesCompareInt(void const *,void const *)" (?_gfxPrimitivesCompareInt@@YAHPBX0@Z) already defined in CircleShape.obj
Test.obj : error LNK2005: "void __cdecl _murphyIteration(struct SDL2_gfxMurphyIterator *,unsigned char,unsigned short,unsigned short,unsigned short,unsigned short,unsigned short,unsigned short,unsigned short,unsigned short)" (?_murphyIteration@@YAXPAUSDL2_gfxMurphyIterator@@EGGGGGGGG@Z) already defined in CircleShape.obj
Test.obj : error LNK2005: "void __cdecl _murphyParaline(struct SDL2_gfxMurphyIterator *,short,short,int)" (?_murphyParaline@@YAXPAUSDL2_gfxMurphyIterator@@FFH@Z) already defined in CircleShape.obj
Test.obj : error LNK2005: "void __cdecl _murphyWideline(struct SDL2_gfxMurphyIterator *,short,short,short,short,unsigned char,unsigned char)" (?_murphyWideline@@YAXPAUSDL2_gfxMurphyIterator@@FFFFEE@Z) already defined in CircleShape.obj
Test.obj : error LNK2005: "int __cdecl _pieRGBA(struct SDL_Renderer *,short,short,short,short,short,unsigned char,unsigned char,unsigned char,unsigned char,unsigned char)" (?_pieRGBA@@YAHPAUSDL_Renderer@@FFFFFEEEEE@Z) already defined in CircleShape.obj
Test.obj : error LNK2005: "int __cdecl aacircleColor(struct SDL_Renderer *,short,short,short,unsigned int)" (?aacircleColor@@YAHPAUSDL_Renderer@@FFFI@Z) already defined in CircleShape.obj
Test.obj : error LNK2005: "int __cdecl aacircleRGBA(struct SDL_Renderer *,short,short,short,unsigned char,unsigned char,unsigned char,unsigned char)" (?aacircleRGBA@@YAHPAUSDL_Renderer@@FFFEEEE@Z) already defined in CircleShape.obj
Test.obj : error LNK2005: "int __cdecl aaellipseColor(struct SDL_Renderer *,short,short,short,short,unsigned int)" (?aaellipseColor@@YAHPAUSDL_Renderer@@FFFFI@Z) already defined in CircleShape.obj
Test.obj : error LNK2005: "int __cdecl aaellipseRGBA(struct SDL_Renderer *,short,short,short,short,unsigned char,unsigned char,unsigned char,unsigned char)" (?aaellipseRGBA@@YAHPAUSDL_Renderer@@FFFFEEEE@Z) already defined in CircleShape.obj
Test.obj : error LNK2005: "int __cdecl aalineColor(struct SDL_Renderer *,short,short,short,short,unsigned int)" (?aalineColor@@YAHPAUSDL_Renderer@@FFFFI@Z) already defined in CircleShape.obj
Test.obj : error LNK2005: "int __cdecl aalineRGBA(struct SDL_Renderer *,short,short,short,short,unsigned char,unsigned char,unsigned char,unsigned char)" (?aalineRGBA@@YAHPAUSDL_Renderer@@FFFFEEEE@Z) already defined in CircleShape.obj
Test.obj : error LNK2005: "int __cdecl aapolygonColor(struct SDL_Renderer *,short const *,short const *,int,unsigned int)" (?aapolygonColor@@YAHPAUSDL_Renderer@@PBF1HI@Z) already defined in CircleShape.obj
Test.obj : error LNK2005: "int __cdecl aapolygonRGBA(struct SDL_Renderer *,short const *,short const *,int,unsigned char,unsigned char,unsigned char,unsigned char)" (?aapolygonRGBA@@YAHPAUSDL_Renderer@@PBF1HEEEE@Z) already defined in CircleShape.obj
Test.obj : error LNK2005: "int __cdecl aatrigonColor(struct SDL_Renderer *,short,short,short,short,short,short,unsigned int)" (?aatrigonColor@@YAHPAUSDL_Renderer@@FFFFFFI@Z) already defined in CircleShape.obj
Test.obj : error LNK2005: "int __cdecl aatrigonRGBA(struct SDL_Renderer *,short,short,short,short,short,short,unsigned char,unsigned char,unsigned char,unsigned char)" (?aatrigonRGBA@@YAHPAUSDL_Renderer@@FFFFFFEEEE@Z) already defined in CircleShape.obj
Test.obj : error LNK2005: "int __cdecl arcColor(struct SDL_Renderer *,short,short,short,short,short,unsigned int)" (?arcColor@@YAHPAUSDL_Renderer@@FFFFFI@Z) already defined in CircleShape.obj
Test.obj : error LNK2005: "int __cdecl arcRGBA(struct SDL_Renderer *,short,short,short,short,short,unsigned char,unsigned char,unsigned char,unsigned char)" (?arcRGBA@@YAHPAUSDL_Renderer@@FFFFFEEEE@Z) already defined in CircleShape.obj
Test.obj : error LNK2005: "int __cdecl bezierColor(struct SDL_Renderer *,short const *,short const *,int,int,unsigned int)" (?bezierColor@@YAHPAUSDL_Renderer@@PBF1HHI@Z) already defined in CircleShape.obj
Test.obj : error LNK2005: "int __cdecl bezierRGBA(struct SDL_Renderer *,short const *,short const *,int,int,unsigned char,unsigned char,unsigned char,unsigned char)" (?bezierRGBA@@YAHPAUSDL_Renderer@@PBF1HHEEEE@Z) already defined in CircleShape.obj
Test.obj : error LNK2005: "int __cdecl boxColor(struct SDL_Renderer *,short,short,short,short,unsigned int)" (?boxColor@@YAHPAUSDL_Renderer@@FFFFI@Z) already defined in CircleShape.obj
Test.obj : error LNK2005: "int __cdecl boxRGBA(struct SDL_Renderer *,short,short,short,short,unsigned char,unsigned char,unsigned char,unsigned char)" (?boxRGBA@@YAHPAUSDL_Renderer@@FFFFEEEE@Z) already defined in CircleShape.obj
Test.obj : error LNK2005: "int __cdecl circleColor(struct SDL_Renderer *,short,short,short,unsigned int)" (?circleColor@@YAHPAUSDL_Renderer@@FFFI@Z) already defined in CircleShape.obj
Test.obj : error LNK2005: "int __cdecl circleRGBA(struct SDL_Renderer *,short,short,short,unsigned char,unsigned char,unsigned char,unsigned char)" (?circleRGBA@@YAHPAUSDL_Renderer@@FFFEEEE@Z) already defined in CircleShape.obj
Test.obj : error LNK2005: "int __cdecl ellipseColor(struct SDL_Renderer *,short,short,short,short,unsigned int)" (?ellipseColor@@YAHPAUSDL_Renderer@@FFFFI@Z) already defined in CircleShape.obj
Test.obj : error LNK2005: "int __cdecl ellipseRGBA(struct SDL_Renderer *,short,short,short,short,unsigned char,unsigned char,unsigned char,unsigned char)" (?ellipseRGBA@@YAHPAUSDL_Renderer@@FFFFEEEE@Z) already defined in CircleShape.obj
Test.obj : error LNK2005: "int __cdecl filledCircleColor(struct SDL_Renderer *,short,short,short,unsigned int)" (?filledCircleColor@@YAHPAUSDL_Renderer@@FFFI@Z) already defined in CircleShape.obj
Test.obj : error LNK2005: "int __cdecl filledCircleRGBA(struct SDL_Renderer *,short,short,short,unsigned char,unsigned char,unsigned char,unsigned char)" (?filledCircleRGBA@@YAHPAUSDL_Renderer@@FFFEEEE@Z) already defined in CircleShape.obj
Test.obj : error LNK2005: "int __cdecl filledEllipseColor(struct SDL_Renderer *,short,short,short,short,unsigned int)" (?filledEllipseColor@@YAHPAUSDL_Renderer@@FFFFI@Z) already defined in CircleShape.obj
Test.obj : error LNK2005: "int __cdecl filledEllipseRGBA(struct SDL_Renderer *,short,short,short,short,unsigned char,unsigned char,unsigned char,unsigned char)" (?filledEllipseRGBA@@YAHPAUSDL_Renderer@@FFFFEEEE@Z) already defined in CircleShape.obj
Test.obj : error LNK2005: "int __cdecl filledPieColor(struct SDL_Renderer *,short,short,short,short,short,unsigned int)" (?filledPieColor@@YAHPAUSDL_Renderer@@FFFFFI@Z) already defined in CircleShape.obj
Test.obj : error LNK2005: "int __cdecl filledPieRGBA(struct SDL_Renderer *,short,short,short,short,short,unsigned char,unsigned char,unsigned char,unsigned char)" (?filledPieRGBA@@YAHPAUSDL_Renderer@@FFFFFEEEE@Z) already defined in CircleShape.obj
Test.obj : error LNK2005: "int __cdecl filledPolygonColor(struct SDL_Renderer *,short const *,short const *,int,unsigned int)" (?filledPolygonColor@@YAHPAUSDL_Renderer@@PBF1HI@Z) already defined in CircleShape.obj
Test.obj : error LNK2005: "int __cdecl filledPolygonRGBA(struct SDL_Renderer *,short const *,short const *,int,unsigned char,unsigned char,unsigned char,unsigned char)" (?filledPolygonRGBA@@YAHPAUSDL_Renderer@@PBF1HEEEE@Z) already defined in CircleShape.obj
Test.obj : error LNK2005: "int __cdecl filledPolygonRGBAMT(struct SDL_Renderer *,short const *,short const *,int,unsigned char,unsigned char,unsigned char,unsigned char,int * *,int *)" (?filledPolygonRGBAMT@@YAHPAUSDL_Renderer@@PBF1HEEEEPAPAHPAH@Z) already defined in CircleShape.obj
Test.obj : error LNK2005: "int __cdecl filledTrigonColor(struct SDL_Renderer *,short,short,short,short,short,short,unsigned int)" (?filledTrigonColor@@YAHPAUSDL_Renderer@@FFFFFFI@Z) already defined in CircleShape.obj
Test.obj : error LNK2005: "int __cdecl filledTrigonRGBA(struct SDL_Renderer *,short,short,short,short,short,short,unsigned char,unsigned char,unsigned char,unsigned char)" (?filledTrigonRGBA@@YAHPAUSDL_Renderer@@FFFFFFEEEE@Z) already defined in CircleShape.obj
Test.obj : error LNK2005: "int __cdecl hline(struct SDL_Renderer *,short,short,short)" (?hline@@YAHPAUSDL_Renderer@@FFF@Z) already defined in CircleShape.obj
Test.obj : error LNK2005: "int __cdecl hlineColor(struct SDL_Renderer *,short,short,short,unsigned int)" (?hlineColor@@YAHPAUSDL_Renderer@@FFFI@Z) already defined in CircleShape.obj
Test.obj : error LNK2005: "int __cdecl hlineRGBA(struct SDL_Renderer *,short,short,short,unsigned char,unsigned char,unsigned char,unsigned char)" (?hlineRGBA@@YAHPAUSDL_Renderer@@FFFEEEE@Z) already defined in CircleShape.obj
Test.obj : error LNK2005: "int __cdecl line(struct SDL_Renderer *,short,short,short,short)" (?line@@YAHPAUSDL_Renderer@@FFFF@Z) already defined in CircleShape.obj
Test.obj : error LNK2005: "int __cdecl lineColor(struct SDL_Renderer *,short,short,short,short,unsigned int)" (?lineColor@@YAHPAUSDL_Renderer@@FFFFI@Z) already defined in CircleShape.obj
Test.obj : error LNK2005: "int __cdecl lineRGBA(struct SDL_Renderer *,short,short,short,short,unsigned char,unsigned char,unsigned char,unsigned char)" (?lineRGBA@@YAHPAUSDL_Renderer@@FFFFEEEE@Z) already defined in CircleShape.obj
Test.obj : error LNK2005: "int __cdecl pieColor(struct SDL_Renderer *,short,short,short,short,short,unsigned int)" (?pieColor@@YAHPAUSDL_Renderer@@FFFFFI@Z) already defined in CircleShape.obj
Test.obj : error LNK2005: "int __cdecl pieRGBA(struct SDL_Renderer *,short,short,short,short,short,unsigned char,unsigned char,unsigned char,unsigned char)" (?pieRGBA@@YAHPAUSDL_Renderer@@FFFFFEEEE@Z) already defined in CircleShape.obj
Test.obj : error LNK2005: "int __cdecl pixel(struct SDL_Renderer *,short,short)" (?pixel@@YAHPAUSDL_Renderer@@FF@Z) already defined in CircleShape.obj
Test.obj : error LNK2005: "int __cdecl pixelColor(struct SDL_Renderer *,short,short,unsigned int)" (?pixelColor@@YAHPAUSDL_Renderer@@FFI@Z) already defined in CircleShape.obj
Test.obj : error LNK2005: "int __cdecl pixelRGBA(struct SDL_Renderer *,short,short,unsigned char,unsigned char,unsigned char,unsigned char)" (?pixelRGBA@@YAHPAUSDL_Renderer@@FFEEEE@Z) already defined in CircleShape.obj
Test.obj : error LNK2005: "int __cdecl pixelRGBAWeight(struct SDL_Renderer *,short,short,unsigned char,unsigned char,unsigned char,unsigned char,unsigned int)" (?pixelRGBAWeight@@YAHPAUSDL_Renderer@@FFEEEEI@Z) already defined in CircleShape.obj
Test.obj : error LNK2005: "int __cdecl polygon(struct SDL_Renderer *,short const *,short const *,int)" (?polygon@@YAHPAUSDL_Renderer@@PBF1H@Z) already defined in CircleShape.obj
Test.obj : error LNK2005: "int __cdecl polygonColor(struct SDL_Renderer *,short const *,short const *,int,unsigned int)" (?polygonColor@@YAHPAUSDL_Renderer@@PBF1HI@Z) already defined in CircleShape.obj
Test.obj : error LNK2005: "int __cdecl polygonRGBA(struct SDL_Renderer *,short const *,short const *,int,unsigned char,unsigned char,unsigned char,unsigned char)" (?polygonRGBA@@YAHPAUSDL_Renderer@@PBF1HEEEE@Z) already defined in CircleShape.obj
Test.obj : error LNK2005: "int __cdecl rectangleColor(struct SDL_Renderer *,short,short,short,short,unsigned int)" (?rectangleColor@@YAHPAUSDL_Renderer@@FFFFI@Z) already defined in CircleShape.obj
Test.obj : error LNK2005: "int __cdecl rectangleRGBA(struct SDL_Renderer *,short,short,short,short,unsigned char,unsigned char,unsigned char,unsigned char)" (?rectangleRGBA@@YAHPAUSDL_Renderer@@FFFFEEEE@Z) already defined in CircleShape.obj
Test.obj : error LNK2005: "int __cdecl roundedBoxColor(struct SDL_Renderer *,short,short,short,short,short,unsigned int)" (?roundedBoxColor@@YAHPAUSDL_Renderer@@FFFFFI@Z) already defined in CircleShape.obj
Test.obj : error LNK2005: "int __cdecl roundedBoxRGBA(struct SDL_Renderer *,short,short,short,short,short,unsigned char,unsigned char,unsigned char,unsigned char)" (?roundedBoxRGBA@@YAHPAUSDL_Renderer@@FFFFFEEEE@Z) already defined in CircleShape.obj
Test.obj : error LNK2005: "int __cdecl roundedRectangleColor(struct SDL_Renderer *,short,short,short,short,short,unsigned int)" (?roundedRectangleColor@@YAHPAUSDL_Renderer@@FFFFFI@Z) already defined in CircleShape.obj
Test.obj : error LNK2005: "int __cdecl roundedRectangleRGBA(struct SDL_Renderer *,short,short,short,short,short,unsigned char,unsigned char,unsigned char,unsigned char)" (?roundedRectangleRGBA@@YAHPAUSDL_Renderer@@FFFFFEEEE@Z) already defined in CircleShape.obj
Test.obj : error LNK2005: "int __cdecl texturedPolygon(struct SDL_Renderer *,short const *,short const *,int,struct SDL_Surface *,int,int)" (?texturedPolygon@@YAHPAUSDL_Renderer@@PBF1HPAUSDL_Surface@@HH@Z) already defined in CircleShape.obj
Test.obj : error LNK2005: "int __cdecl texturedPolygonMT(struct SDL_Renderer *,short const *,short const *,int,struct SDL_Surface *,int,int,int * *,int *)" (?texturedPolygonMT@@YAHPAUSDL_Renderer@@PBF1HPAUSDL_Surface@@HHPAPAHPAH@Z) already defined in CircleShape.obj
Test.obj : error LNK2005: "int __cdecl thickLineColor(struct SDL_Renderer *,short,short,short,short,unsigned char,unsigned int)" (?thickLineColor@@YAHPAUSDL_Renderer@@FFFFEI@Z) already defined in CircleShape.obj
Test.obj : error LNK2005: "int __cdecl thickLineRGBA(struct SDL_Renderer *,short,short,short,short,unsigned char,unsigned char,unsigned char,unsigned char,unsigned char)" (?thickLineRGBA@@YAHPAUSDL_Renderer@@FFFFEEEEE@Z) already defined in CircleShape.obj
Test.obj : error LNK2005: "int __cdecl trigonColor(struct SDL_Renderer *,short,short,short,short,short,short,unsigned int)" (?trigonColor@@YAHPAUSDL_Renderer@@FFFFFFI@Z) already defined in CircleShape.obj
Test.obj : error LNK2005: "int __cdecl trigonRGBA(struct SDL_Renderer *,short,short,short,short,short,short,unsigned char,unsigned char,unsigned char,unsigned char)" (?trigonRGBA@@YAHPAUSDL_Renderer@@FFFFFFEEEE@Z) already defined in CircleShape.obj
Test.obj : error LNK2005: "int __cdecl vlineColor(struct SDL_Renderer *,short,short,short,unsigned int)" (?vlineColor@@YAHPAUSDL_Renderer@@FFFI@Z) already defined in CircleShape.obj
Test.obj : error LNK2005: "int __cdecl vlineRGBA(struct SDL_Renderer *,short,short,short,unsigned char,unsigned char,unsigned char,unsigned char)" (?vlineRGBA@@YAHPAUSDL_Renderer@@FFFEEEE@Z) already defined in CircleShape.obj
C:\Users\Dvallejo\Documents\Classes\Q5\Physics\Debug\Physics.exe : fatal error LNK1169: one or more multiply defined symbols found
